Using pre-set license
Built from '2023.1/staging' branch; Version is '2023.1.0f1 (a008fa768e6c) revision 10488058'; Using compiler version '192829333'; Build Type 'Release'
OS: 'Windows 11  (10.0.26100) 64bit Professional' Language: 'ja' Physical Memory: 32501 MB
BatchMode: 1, IsHumanControllingUs: 0, StartBugReporterOnCrash: 0, Is64bit: 1, IsPro: 1

COMMAND LINE ARGUMENTS:
C:\Program Files\Unity 2023.1.0f1\Editor\Unity.exe
-adb2
-batchMode
-noUpm
-name
AssetImportWorker2
-projectPath
C:/Users/250225AM/gorillagameplayWebGL
-logFile
Logs/AssetImportWorker2.log
-srvPort
55469
Successfully changed project path to: C:/Users/250225AM/gorillagameplayWebGL
C:/Users/250225AM/gorillagameplayWebGL
[UnityMemory] Configuration Parameters - Can be set up in boot.config
    "memorysetup-bucket-allocator-granularity=16"
    "memorysetup-bucket-allocator-bucket-count=8"
    "memorysetup-bucket-allocator-block-size=33554432"
    "memorysetup-bucket-allocator-block-count=8"
    "memorysetup-main-allocator-block-size=16777216"
    "memorysetup-thread-allocator-block-size=16777216"
    "memorysetup-gfx-main-allocator-block-size=16777216"
    "memorysetup-gfx-thread-allocator-block-size=16777216"
    "memorysetup-cache-allocator-block-size=4194304"
    "memorysetup-typetree-allocator-block-size=2097152"
    "memorysetup-profiler-bucket-allocator-granularity=16"
    "memorysetup-profiler-bucket-allocator-bucket-count=8"
    "memorysetup-profiler-bucket-allocator-block-size=33554432"
    "memorysetup-profiler-bucket-allocator-block-count=8"
    "memorysetup-profiler-allocator-block-size=16777216"
    "memorysetup-profiler-editor-allocator-block-size=1048576"
    "memorysetup-temp-allocator-size-main=16777216"
    "memorysetup-job-temp-allocator-block-size=2097152"
    "memorysetup-job-temp-allocator-block-size-background=1048576"
    "memorysetup-job-temp-allocator-reduction-small-platforms=262144"
    "memorysetup-allocator-temp-initial-block-size-main=262144"
    "memorysetup-allocator-temp-initial-block-size-worker=262144"
    "memorysetup-temp-allocator-size-background-worker=32768"
    "memorysetup-temp-allocator-size-job-worker=262144"
    "memorysetup-temp-allocator-size-preload-manager=33554432"
    "memorysetup-temp-allocator-size-nav-mesh-worker=65536"
    "memorysetup-temp-allocator-size-audio-worker=65536"
    "memorysetup-temp-allocator-size-cloud-worker=32768"
    "memorysetup-temp-allocator-size-gi-baking-worker=262144"
    "memorysetup-temp-allocator-size-gfx=262144"
Player connection [18360] Host "[IP] 192.168.0.239 [Port] 0 [Flags] 2 [Guid] 1357355454 [EditorId] 1357355454 [Version] 1048832 [Id] WindowsEditor(7,DESKTOP-0C9RNV8) [Debug] 1 [PackageName] WindowsEditor [ProjectName] Editor" joined multi-casting on [225.0.0.222:54997]...

Player connection [18360] Host "[IP] 192.168.0.239 [Port] 0 [Flags] 2 [Guid] 1357355454 [EditorId] 1357355454 [Version] 1048832 [Id] WindowsEditor(7,DESKTOP-0C9RNV8) [Debug] 1 [PackageName] WindowsEditor [ProjectName] Editor" joined alternative multi-casting on [225.0.0.222:34997]...

Library Redirect Path: Library/Refreshing native plugins compatible for Editor in 1765.29 ms, found 4 plugins.
Preloading 0 native plugins for Editor in 0.00 ms.
Initialize engine version: 2023.1.0f1 (a008fa768e6c)
[Subsystems] Discovering subsystems at path C:/Program Files/Unity 2023.1.0f1/Editor/Data/Resources/UnitySubsystems
[Subsystems] Discovering subsystems at path C:/Users/250225AM/gorillagameplayWebGL/Assets
GfxDevice: creating device client; threaded=0; jobified=0
Direct3D:
    Version:  Direct3D 11.0 [level 11.1]
    Renderer: NVIDIA GeForce GTX 1650 with Max-Q Design (ID=0x1f91)
    Vendor:   NVIDIA
    VRAM:     3935 MB
    Driver:   32.0.15.7322
Initialize mono
Mono path[0] = 'C:/Program Files/Unity 2023.1.0f1/Editor/Data/Managed'
Mono path[1] = 'C:/Program Files/Unity 2023.1.0f1/Editor/Data/MonoBleedingEdge/lib/mono/unityjit-win32'
Mono config path = 'C:/Program Files/Unity 2023.1.0f1/Editor/Data/MonoBleedingEdge/etc'
Using monoOptions --debugger-agent=transport=dt_socket,embedding=1,server=y,suspend=n,address=127.0.0.1:56164
Begin MonoManager ReloadAssembly
Registering precompiled unity dll's ...
Register platform support module: C:/Program Files/Unity 2023.1.0f1/Editor/Data/PlaybackEngines/WindowsStandaloneSupport/UnityEditor.WindowsStandalone.Extensions.dll
Registered in 0.124998 seconds.
- Loaded All Assemblies, in  8.225 seconds
Native extension for WindowsStandalone target not found
Mono: successfully reloaded assembly
- Finished resetting the current domain, in  0.332 seconds
Domain Reload Profiling: 8555ms
	BeginReloadAssembly (6537ms)
		ExecutionOrderSort (0ms)
		DisableScriptedObjects (0ms)
		BackupInstance (0ms)
		ReleaseScriptingObjects (0ms)
		CreateAndSetChildDomain (1ms)
	RebuildCommonClasses (474ms)
	RebuildNativeTypeToScriptingClass (12ms)
	initialDomainReloadingComplete (173ms)
	LoadAllAssembliesAndSetupDomain (1027ms)
		LoadAssemblies (6534ms)
		RebuildTransferFunctionScriptingTraits (0ms)
		AnalyzeDomain (1022ms)
			TypeCache.Refresh (1021ms)
				TypeCache.ScanAssembly (725ms)
			ScanForSourceGeneratedMonoScriptInfo (0ms)
			ResolveRequiredComponents (0ms)
	FinalizeReload (332ms)
		ReleaseScriptCaches (0ms)
		RebuildScriptCaches (0ms)
		SetupLoadedEditorAssemblies (283ms)
			LogAssemblyErrors (0ms)
			InitializePlatformSupportModulesInManaged (9ms)
			SetLoadedEditorAssemblies (6ms)
			BeforeProcessingInitializeOnLoad (7ms)
			ProcessInitializeOnLoadAttributes (179ms)
			ProcessInitializeOnLoadMethodAttributes (81ms)
			AfterProcessingInitializeOnLoad (0ms)
			EditorAssembliesLoaded (0ms)
		ExecutionOrderSort2 (0ms)
		AwakeInstancesAfterBackupRestoration (0ms)
========================================================================
Worker process is ready to serve import requests
Import Worker Mode flag is 0x00
Begin MonoManager ReloadAssembly
- Loaded All Assemblies, in  8.041 seconds
Refreshing native plugins compatible for Editor in 3.77 ms, found 4 plugins.
Native extension for WindowsStandalone target not found
Mono: successfully reloaded assembly
- Finished resetting the current domain, in  0.692 seconds
Domain Reload Profiling: 8730ms
	BeginReloadAssembly (285ms)
		ExecutionOrderSort (0ms)
		DisableScriptedObjects (6ms)
		BackupInstance (0ms)
		ReleaseScriptingObjects (0ms)
		CreateAndSetChildDomain (28ms)
	RebuildCommonClasses (39ms)
	RebuildNativeTypeToScriptingClass (12ms)
	initialDomainReloadingComplete (37ms)
	LoadAllAssembliesAndSetupDomain (7665ms)
		LoadAssemblies (7387ms)
		RebuildTransferFunctionScriptingTraits (0ms)
		AnalyzeDomain (371ms)
			TypeCache.Refresh (345ms)
				TypeCache.ScanAssembly (335ms)
			ScanForSourceGeneratedMonoScriptInfo (21ms)
			ResolveRequiredComponents (5ms)
	FinalizeReload (692ms)
		ReleaseScriptCaches (0ms)
		RebuildScriptCaches (0ms)
		SetupLoadedEditorAssemblies (471ms)
			LogAssemblyErrors (0ms)
			InitializePlatformSupportModulesInManaged (10ms)
			SetLoadedEditorAssemblies (3ms)
			BeforeProcessingInitializeOnLoad (84ms)
			ProcessInitializeOnLoadAttributes (339ms)
			ProcessInitializeOnLoadMethodAttributes (29ms)
			AfterProcessingInitializeOnLoad (4ms)
			EditorAssembliesLoaded (0ms)
		ExecutionOrderSort2 (0ms)
		AwakeInstancesAfterBackupRestoration (8ms)
Launched and connected shader compiler UnityShaderCompiler.exe after 0.02 seconds
Refreshing native plugins compatible for Editor in 3.95 ms, found 4 plugins.
Preloading 0 native plugins for Editor in 0.00 ms.
Unloading 4289 Unused Serialized files (Serialized files now loaded: 0)
Unloading 65 unused Assets / (56.6 KB). Loaded Objects now: 4832.
Memory consumption went from 154.3 MB to 154.2 MB.
Total: 5.790400 ms (FindLiveObjects: 0.317200 ms CreateObjectMapping: 0.366000 ms MarkObjects: 4.986300 ms  DeleteObjects: 0.119600 ms)

AssetImportParameters requested are different than current active one (requested -> active):
  custom:scripting/monoscript/fileName/TMP_EditorResourceManager.cs: 30391129c5b96f298e44c099ae0fab57 -> f56b80268a934198a76acc6f4cef503c
  custom:scripting/monoscript/fileName/TMPro_FontAssetCreatorWindow.cs: 9d68c1aab1c646cdf3e70083dc01df96 -> 0d0900483ed9b57d4ccc2ff58d1220b3
  custom:scripting/monoscript/fileName/TMP_EditorCoroutine.cs: 01d80099920d11c11bfa87417e26164b -> 04cbf5ce6e541d98265aa7668ef82832
  custom:scripting/monoscript/fileName/TMP_StyleSheetEditor.cs: b6503d890746d6150e0f267f43ce60e4 -> 38b210a450ac855df2d81ab0242c2feb
  custom:scripting/monoscript/fileName/DropdownOptionListDrawer.cs: 342ee3f9c806e60b189c02609042c492 -> 4362475bc384312c771d88865ee2f40d
  custom:scripting/monoscript/fileName/TMP_FontAssetEditor.cs: ff94a59ea0ba0aa81aa8a7f307f2efd3 -> e359b61135381f6b1d7b8c7e97a930f3
  custom:scripting/monoscript/fileName/TMP_FontAssetCommon.cs: 4a5ab4d4426385ab38edd57c118cd485 -> 2b5f11ccf8aacaf9b5ea6564bf2b0d57
  custom:scripting/monoscript/fileName/TMP_TextElement.cs: fb8354965187a75f506d9a9df85f19dd -> 5dfb95666bd41ecc32948097824aba23
  custom:scripting/monoscript/fileName/TMP_DropdownEditor.cs: 6df138b51e278f9c93bd4976e96aa952 -> 2d907ee76ef876797c15186180266847
  custom:scripting/monoscript/fileName/TMP_ColorGradientEditor.cs: 187fe88a4e95285275d1781f1da14d92 -> ed654c9d45026a5f71e6e9535130c15f
  custom:video-decoder-webm-vp8: 9c59270c3fd7afecdb556c50c9e8de78 -> 
  custom:scripting/monoscript/fileName/GlyphRectPropertyDrawer.cs: d355023434b9b8f82f7070cb40c7c036 -> bdec415148eac17379112822c8814df5
  custom:scripting/monoscript/fileName/TMP_TextElement_Legacy.cs: 33cc86d4b4c35f95c6446ea70ef56fc4 -> 6e11e173cb695b15e8cce3cd1e1cb2a7
  custom:scripting/monoscript/fileName/TMPro_SortingLayerHelper.cs: e3aabd077ed12370ac46dda129ef572e -> 8b86ad735987eff6a1277352e9e8d9b6
  custom:scripting/monoscript/fileName/TMP_EditorPanelUI.cs: 6242af713a75147e6e5820bfce936424 -> 0c3fb43855adf1da22258c211d01a47d
  custom:scripting/monoscript/fileName/TMP_RichTextTagsCommon.cs: d28b21b13d6cea8fa92671f9a2a1f20d -> 5462d55f8a9ad882f9a7f2d708a6978b
  custom:scripting/monoscript/fileName/TMPro_MeshUtilities.cs: 183dd3a7e1b70c109767dd5059a390dd -> 2237d160e4d9e81a7d899dc235029cb3
  custom:audio-encoder-webm-vorbis: bf7c407c2cedff20999df2af8eb42d56 -> 
  custom:scripting/monoscript/fileName/TMP_BaseShaderGUI.cs: 2c2d4519754bb0c1dd0a107014b7ac8a -> 25118693f24c47c8a4b530b8bff26574
  custom:scripting/monoscript/fileName/TMP_ColorGradient.cs: 3baf9c6d3c50fc594e68e0c756eb8779 -> 8d91c7c4749088eca69648d37a965bf8
  custom:scripting/monoscript/fileName/TMPro_CreateObjectMenu.cs: e9e63aff764c7e7fd08e66f87103df4d -> ddee59388caa7a56693342f3a805d427
  custom:scripting/monoscript/fileName/TMP_Compatibility.cs: d5209fd9c6a9aef9cccdbfb4f06bd571 -> 3ef1f12d3c823dd740c7c596ab076c61
  custom:scripting/monoscript/fileName/TMP_MaterialManager.cs: 1382feee688fee3eebaa5e9d7b47e98d -> 441d72ec3c04a8da6a351f60fff95465
  custom:scripting/monoscript/fileName/TMP_FontFeaturesCommon.cs: 89ff6ee76bb6f84827488d597e70ea5a -> 7d1db71d73353e7dd97f094c509882fa
  custom:scripting/monoscript/fileName/TMP_TextProcessingStack.cs: ef8795fce16f80562f220a2f8bcb6bd2 -> 6146dd1b7f9b90aa342ef9794e387c23
  custom:scripting/monoscript/fileName/TMP_InputValidator.cs: e99335724872b7fcd0e5352c682debe0 -> 5e0d679d98dae60baa87977011e0ed51
  custom:scripting/monoscript/fileName/TMP_SDFShaderGUI.cs: 082588c068c6e819b94cdf417f8b7551 -> 1460619486eb6e8da302e26af5538aaa
  custom:scripting/monoscript/fileName/TMP_TextParsingUtilities.cs: 47331f425db7fa5c443a11c866530503 -> 8b3fe20641ae0dd97405135955c706a3
  custom:scripting/monoscript/fileName/TMP_MeshInfo.cs: 375ed9fada55d6bf39f9352ef1dd520b -> 89833651f7d905e51b340ec2afe531d1
  custom:scripting/monoscript/fileName/TMP_SpriteCharacter.cs: fe232bb280dddc880a01918d3502c13a -> 81dc73ff0878d6528202f8be44877b26
  custom:scripting/monoscript/fileName/TMP_ShaderUtilities.cs: 75ec062faab558cb3190dcd3e4820547 -> 84a261643983e306d02445da38ed662f
  custom:scripting/monoscript/fileName/TMP_SpriteAssetMenu.cs: a42d2dc20ed9558b36972dc6e6d71655 -> 05ea7b84320d1b77a6d1ae49c41ee9cc
  custom:scripting/monoscript/fileName/TMP_BaseEditorPanel.cs: bf7c6aff8663a36814779dfe47e82e00 -> f4b9967705e7bb57152fef4117417ba7
  custom:scripting/monoscript/fileName/TMP_Asset.cs: dcedda1866ab6edcf1af2d4525512628 -> 7e95c8d89188057bea8fc9569c9aa309
  custom:scripting/monoscript/fileName/TMP_BitmapShaderGUI.cs: ef806c32b355e8831ed4eb3f5e3400ff -> 2ce3ac811452d1d6d82e565157cac3e2
  custom:scripting/monoscript/fileName/TMP_GlyphPropertyDrawer.cs: 75006bca208b32d4fc4710404c538acf -> 56b500a16a5c8f635a7bfdd702279864
  custom:AudioImporter_EditorPlatform: d09bf68614088b80899f8185d706f6e7 -> 
  custom:scripting/monoscript/fileName/TMPro_TexturePostProcessor.cs: d21743efde4e74198703a65b965619ea -> 0750ad2b775120fa59f760172dc340ad
  custom:scripting/monoscript/fileName/TMP_GlyphPairAdjustmentRecordPropertyDrawer.cs: 6f07d27e8ea91e29d6bd5f39dd8deb23 -> 1a07941369755af9e0a102a45e9058c5
  custom:scripting/monoscript/fileName/GlyphMetricsPropertyDrawer.cs: dd0833870bcea17556e6d67c750c6ffc -> 438b07e6eae795dab04c32f51ac4e752
  custom:scripting/monoscript/fileName/TMP_DefaultControls.cs: 1798ee96b3c83cf7d4cea690bb04976a -> 2673e29173eb9307fa53ee17c15332ed
  custom:audio-decoder-ogg-vorbis: bf7c407c2cedff20999df2af8eb42d56 -> 
  custom:scripting/monoscript/fileName/TMP_FontFeatureTable.cs: 5ff9812058e8c02a5b04eaa88778f2a5 -> cbd25d300d7ed4d969d60cb9f98f2826
  custom:scripting/monoscript/fileName/TMP_SubMeshUI.cs: 7a6337f74438df5e26b302bbbbc41105 -> 748262c65738bc5e1c553ae7a37a0c73
  custom:scripting/monoscript/fileName/TMP_FontAssetUtilities.cs: d84a52975d941e769af4ae15b3aaa211 -> 5b7a9bc9c5c56e3cb5ccc808a2bdd9e4
  custom:scripting/monoscript/fileName/TMP_SubMeshUI_Editor.cs: 765ce633a5bfada7c5afc51aed8631bb -> 119a633ce37cc27ac209988b5de61d96
  custom:scripting/monoscript/fileName/TMPro_TextContainerEditor.cs: a97aca5bcf1b2486a0f60b2c7a935c42 -> b2fbc5db24221a870c4de162a712cbfe
  custom:scripting/monoscript/fileName/TMPro_UGUI_Private.cs: 8f6297df34271fdb1ce2d9607ec6261d -> 90647cc400823b41df847a6cbfc29026
  custom:scripting/monoscript/fileName/TMP_TextUtilities.cs: f68f97869f24792bf3a3694d69de955c -> aab2855e68416a0a1f2f8904059662aa
  custom:scripting/monoscript/fileName/ITextPreProcessor.cs: 28ed6b2ca482997555fb0291bd20c40d -> a7aa94de5d5bfce2bdd74516315faaf2
  custom:video-encoder-webm-vp8: eb34c28f22e8b96e1ab97ce403110664 -> 
  custom:scripting/monoscript/fileName/TMPro_ExtensionMethods.cs: 3d34decc871f763d4c9c61f1fe0f3275 -> 479bffcc157b89693ffc4c2ef2374861
  custom:scripting/monoscript/fileName/TMP_StyleAssetMenu.cs: d695e815510410a6715fa00ae5e73f57 -> 60e7743122a0686d1131101c521adac6
  custom:scripting/monoscript/fileName/TMP_LineInfo.cs: 22ff02e7762110d3cc1f4bc096ea014d -> bb529d63c9723788bd7143f27cd69eaf
  custom:scripting/monoscript/fileName/TMP_SpriteAssetImporter.cs: 06875a6ac5102e58811218e1c5dd33ca -> 675c97d72afe988872a20f51812f7cdf
  custom:scripting/monoscript/fileName/TMP_SpriteAssetEditor.cs: 7dcaf47692799a91aa4e5cd439bc54d0 -> 8a42af05e85c0eed4128787976375b45
  custom:container-demuxer-ogg: 62fdf1f143b41e24485cea50d1cbac27 -> 
  custom:scripting/monoscript/fileName/TMP_SpriteGlyphPropertyDrawer.cs: 4a6f1515709a40d92e24c84ec92fc53a -> 1447c7afab82cf56bc359d5c7fba114e
  custom:scripting/monoscript/fileName/TMP_PreBuildProcessor.cs: d965cd4513e689cb01c0481012a89dee -> 790c12dcd4980aa978fd28fb6f89fb37
  custom:framework-win-MediaFoundation: 216162199b28c13a410421893ffa2e32 -> 
  custom:scripting/monoscript/fileName/TMP_Text.cs: c453c9b4dcb2bfad1083e3b49dfa3983 -> 5cba61e283281e8dbf7dadaabcd638dc
  custom:scripting/monoscript/fileName/TMP_PostBuildProcessHandler.cs: 728d00fd9070cbfe6d8df45c08e57305 -> c69b388004562ecb0f789fc3759d9651
  custom:scripting/monoscript/fileName/TMP_UpdateRegistery.cs: 62691e6bdb107984e7d826316a6498e1 -> 1f23864d29c3a03d22aa9b00a337cf78
  custom:scripting/monoscript/fileName/TMP_PackageResourceImporter.cs: 5335f4ee7041812300af31a777e4f584 -> 949b6e7fa2132b400d5c4aaf9c34421a
  custom:scripting/monoscript/fileName/TMP_Dropdown.cs: 39f6048c754db30f2da2ea32254db16b -> ecea2f8babcb40d207d2e73158251f60
  custom:scripting/monoscript/fileName/TMP_CharacterInfo.cs: d2593478681404ce2cbd40e4e2f8a6d3 -> c840ce0b0aa6c1faafb27b3b884b2328
  custom:scripting/monoscript/fileName/TMP_EditorPanel.cs: 0bd13db7cdfa07805bfadd631c0ddba8 -> 0631f68be4ca0623bf3e313ec9becbc9
  custom:scripting/monoscript/fileName/TMPro_ContextMenus.cs: fbbbcbf9b4eb950e9aeda2d70529152c -> 06b3d4b27f337b8d846ca7117f3251e1
  custom:video-decoder-ogg-theora: a1e56fd34408186e4bbccfd4996cb3dc -> 
  custom:scripting/monoscript/fileName/TMP_UpdateManager.cs: 2b12c9b6d4082e0390a306eceed60fc6 -> fa7e71df671c5b3088b39753e4bbc70d
  custom:scripting/monoscript/fileName/TMP_FontAsset_CreationMenu.cs: 18345b423cea91a35f20f73f48aee7e1 -> 1c5caeb31a0df734411a201aca87cb03
  custom:scripting/monoscript/fileName/TMP_TextInfo.cs: d86eebf32f36b8febee06365f862b403 -> 9e4eb698c4c168829682cbe659418e8f
  custom:scripting/monoscript/fileName/TextContainer.cs: 4e3c016869303ab3136387f7870e5adb -> 245c032a15fbc12850861c707e37b027
  custom:scripting/monoscript/fileName/TMP_FontAsset.cs: 52c81438acb65fa444fe26964ef0345b -> 6c1db4680a96f294cf0af87a0b8099aa
  custom:scripting/monoscript/fileName/TMP_SettingsEditor.cs: aa2b5eadaadb4b54b49cd650a2246119 -> 56bf06371df7e13c5b8cc88becb89a4d
  custom:scripting/monoscript/fileName/FastAction.cs: 94d6ead813247e604740a116c5fa92db -> dfbe75b66b645b53472915ad2590af11
  custom:scripting/monoscript/fileName/TMP_TextAlignmentDrawer.cs: ad15f73780bb9949f148eddcc3c3fbf7 -> 011b7908ef5eb5e9dea532c77e85c538
  custom:scripting/monoscript/fileName/TMP_SpriteGlyph.cs: 52a9bbe662618c4a5697bdefcba63d59 -> cb4cdca5a4c6415e4f27ee5280164c41
  custom:scripting/monoscript/fileName/TMP_ResourcesManager.cs: 0d972ba50c38c5b25fe15fb0c61ada2b -> 64252a073d41e9c6f4e95b5f68ac966c
  custom:scripting/monoscript/fileName/TMP_ListPool.cs: 8f6297df34271fdb1ce2d9607ec6261d -> 90647cc400823b41df847a6cbfc29026
  custom:scripting/monoscript/fileName/TMPro_EditorShaderUtilities.cs: 1203fb3feabf58cb81d888055364f838 -> f4cbef9348a73d49f1efb8d10ff07bf0
  custom:scripting/monoscript/fileName/TMP_ResourcesLoader.cs: f71e35ced40721d6906e578fb6e7f0e9 -> 6f1f07799f3cfe795f955033c27f98ed
  custom:scripting/monoscript/fileName/TMP_SubMesh.cs: ff760a824537d48706351b95c8d4be21 -> 9fd75270af40187985e5c14cc85ebe42
  custom:scripting/monoscript/fileName/TMP_CoroutineTween.cs: d4d869f6662b40274a62453f83c8a425 -> 76849b8d6d4ce499ad8ffee762e4a4af
  custom:scripting/monoscript/fileName/TMP_SelectionCaret.cs: ed141b1915a10b9c7ff9136666b54ee9 -> d2a06fefe973175bffa10d62f788c481
  custom:scripting/monoscript/fileName/TMP_SerializedPropertyHolder.cs: 9860586610cb3d91ae7f4ce33ab22d0b -> 99e5dbc1fa1abe750acc8166e4243be8
  custom:scripting/monoscript/fileName/TMP_ScrollbarEventHandler.cs: 55de10d862075cd935d8381c309f39e0 -> c015e39b5a3f1a14518ce039f30e10af
  custom:scripting/monoscript/fileName/TMP_ObjectPool.cs: 8f6297df34271fdb1ce2d9607ec6261d -> 90647cc400823b41df847a6cbfc29026
  custom:scripting/monoscript/fileName/TMP_SubMesh_Editor.cs: 6199a3bf0c204e3bdded9f5f05415a32 -> b381eb4c2ad4ef265088242d67c5b140
  custom:scripting/monoscript/fileName/TMP_ColorGradientAssetMenu.cs: 79ee3689ecabb3de162f43faa3b27adc -> 83563be632f8167fcdca7878d36901f9
  custom:container-muxer-webm: aa71ff27fc2769a1b78a27578f13a17b -> 
  custom:scripting/monoscript/fileName/TMPro_EventManager.cs: 9ebed0b1e26a8c995d644c176e696d93 -> 4c7492301243f935f7a463360f91d217
  custom:scripting/monoscript/fileName/TMP_Style.cs: 22d5739edd705d10f980250dcfd7fde0 -> ecc9948baa78373f3076151d1a0642d9
  custom:scripting/monoscript/fileName/TMP_Sprite.cs: e9945527ea1584af23f8f41ce4b844b4 -> 0ee3c386846aa132dd254421fac18cd1
  custom:scripting/monoscript/fileName/TMP_PackageUtilities.cs: 029634ff6f667ebc9454d70fde4def50 -> 89e6e95503dd36070edf73e7aaab4557
  custom:scripting/monoscript/fileName/MaterialReferenceManager.cs: eaedc912311d98c6b58e199f6250c848 -> c970e86594a0f568cbda548f2d4462c1
  custom:scripting/monoscript/fileName/TMP_SpriteAsset.cs: b46309090c7f7da519ff6ef3172bd077 -> 8d06882cb45c7664f8d7c3079ee8757f
  custom:scripting/monoscript/fileName/TMP_InputFieldEditor.cs: 8f2095c37e5fd5ed563d60163f0c2e52 -> a6f05406e9cdb59679382b884c14216a
  custom:video-codec-MediaFoundation-h265: 746d11721c4dcdbdad8f713fa42b33f4 -> 
  custom:scripting/monoscript/fileName/TMPro_Private.cs: 8f6297df34271fdb1ce2d9607ec6261d -> 90647cc400823b41df847a6cbfc29026
  custom:scripting/monoscript/fileName/TMP_EditorUtility.cs: f68b71b7543cddf9e4cdf261d5f519e5 -> b242106620cbbc38f0411146a086b885
  custom:scripting/monoscript/fileName/TMP_SpriteCharacterPropertyDrawer.cs: 63186d320ccdf4dfa06fbce4e897d3f3 -> 14565b4e4f9266584dc3194fd967d252
  custom:scripting/monoscript/fileName/TMP_CharacterPropertyDrawer.cs: 0fc1d1caf2f580e74b2224e6797250e4 -> ddc6f8909fdac3de9238e9b86e411c3e
  custom:container-demuxer-webm: 4f35f7cbe854078d1ac9338744f61a02 -> 
  custom:scripting/monoscript/fileName/TMP_UIStyleManager.cs: f54fffa86b286da3a3329c601ca8d03e -> 66d96f3fa9ea14a5a6ed3f92d3bbe0f1
  custom:scripting/monoscript/fileName/TMP_Settings.cs: 957f1889ca66b295dca8f725cc81558d -> 68d1204aae2aa6d0a54c151b7af443e7
  custom:scripting/monoscript/fileName/TMP_InputField.cs: 8fed3480abb5543168012b207b39349b -> f7712ab842984f124274656d749eca3d
  custom:scripting/monoscript/fileName/TMP_StyleSheet.cs: b6deb5f646a1f5ad7b696d32618ba797 -> de73099b6bd4b9281c92feedf1315618
  custom:scripting/monoscript/fileName/TMP_SpriteAssetImportFormats.cs: 3cc56654a2015a96112916e9636fbe6f -> 920e3140228fbd530b0080254da22d88
  custom:scripting/monoscript/fileName/TMP_Character.cs: 2bff3626198e4d2228876f1e687078e0 -> 015720458ea991fbf07357eae19532db
  custom:scripting/monoscript/fileName/TMP_SpriteAnimator.cs: 126f1482d1430ed8648c2a6d8d693c6d -> bf3a797c3a059d3698e93e0031d7f11c
========================================================================
Received Prepare
Begin MonoManager ReloadAssembly
- Loaded All Assemblies, in  0.799 seconds
Refreshing native plugins compatible for Editor in 4.10 ms, found 4 plugins.
Native extension for WindowsStandalone target not found
Mono: successfully reloaded assembly
- Finished resetting the current domain, in  1.147 seconds
Domain Reload Profiling: 1942ms
	BeginReloadAssembly (209ms)
		ExecutionOrderSort (0ms)
		DisableScriptedObjects (14ms)
		BackupInstance (0ms)
		ReleaseScriptingObjects (0ms)
		CreateAndSetChildDomain (49ms)
	RebuildCommonClasses (39ms)
	RebuildNativeTypeToScriptingClass (13ms)
	initialDomainReloadingComplete (28ms)
	LoadAllAssembliesAndSetupDomain (507ms)
		LoadAssemblies (309ms)
		RebuildTransferFunctionScriptingTraits (0ms)
		AnalyzeDomain (302ms)
			TypeCache.Refresh (296ms)
				TypeCache.ScanAssembly (285ms)
			ScanForSourceGeneratedMonoScriptInfo (0ms)
			ResolveRequiredComponents (5ms)
	FinalizeReload (1147ms)
		ReleaseScriptCaches (0ms)
		RebuildScriptCaches (0ms)
		SetupLoadedEditorAssemblies (517ms)
			LogAssemblyErrors (0ms)
			InitializePlatformSupportModulesInManaged (5ms)
			SetLoadedEditorAssemblies (3ms)
			BeforeProcessingInitializeOnLoad (94ms)
			ProcessInitializeOnLoadAttributes (371ms)
			ProcessInitializeOnLoadMethodAttributes (37ms)
			AfterProcessingInitializeOnLoad (5ms)
			EditorAssembliesLoaded (0ms)
		ExecutionOrderSort2 (0ms)
		AwakeInstancesAfterBackupRestoration (13ms)
Refreshing native plugins compatible for Editor in 5.30 ms, found 4 plugins.
Preloading 0 native plugins for Editor in 0.00 ms.
Unloading 4263 Unused Serialized files (Serialized files now loaded: 0)
Unloading 36 unused Assets / (34.6 KB). Loaded Objects now: 4838.
Memory consumption went from 148.7 MB to 148.6 MB.
Total: 5.457000 ms (FindLiveObjects: 0.439900 ms CreateObjectMapping: 0.546700 ms MarkObjects: 4.409200 ms  DeleteObjects: 0.059700 ms)

Prepare: number of updated asset objects reloaded= 0
AssetImportParameters requested are different than current active one (requested -> active):
  custom:scripting/monoscript/fileName/TMP_EditorResourceManager.cs: 30391129c5b96f298e44c099ae0fab57 -> f56b80268a934198a76acc6f4cef503c
  custom:scripting/monoscript/fileName/TMPro_FontAssetCreatorWindow.cs: 9d68c1aab1c646cdf3e70083dc01df96 -> 0d0900483ed9b57d4ccc2ff58d1220b3
  custom:scripting/monoscript/fileName/TMP_EditorCoroutine.cs: 01d80099920d11c11bfa87417e26164b -> 04cbf5ce6e541d98265aa7668ef82832
  custom:scripting/monoscript/fileName/TMP_StyleSheetEditor.cs: b6503d890746d6150e0f267f43ce60e4 -> 38b210a450ac855df2d81ab0242c2feb
  custom:scripting/monoscript/fileName/DropdownOptionListDrawer.cs: 342ee3f9c806e60b189c02609042c492 -> 4362475bc384312c771d88865ee2f40d
  custom:scripting/monoscript/fileName/TMP_FontAssetEditor.cs: ff94a59ea0ba0aa81aa8a7f307f2efd3 -> e359b61135381f6b1d7b8c7e97a930f3
  custom:scripting/monoscript/fileName/TMP_FontAssetCommon.cs: 4a5ab4d4426385ab38edd57c118cd485 -> 2b5f11ccf8aacaf9b5ea6564bf2b0d57
  custom:scripting/monoscript/fileName/TMP_TextElement.cs: fb8354965187a75f506d9a9df85f19dd -> 5dfb95666bd41ecc32948097824aba23
  custom:scripting/monoscript/fileName/TMP_DropdownEditor.cs: 6df138b51e278f9c93bd4976e96aa952 -> 2d907ee76ef876797c15186180266847
  custom:scripting/monoscript/fileName/TMP_ColorGradientEditor.cs: 187fe88a4e95285275d1781f1da14d92 -> ed654c9d45026a5f71e6e9535130c15f
  custom:video-decoder-webm-vp8: 9c59270c3fd7afecdb556c50c9e8de78 -> 
  custom:scripting/monoscript/fileName/GlyphRectPropertyDrawer.cs: d355023434b9b8f82f7070cb40c7c036 -> bdec415148eac17379112822c8814df5
  custom:scripting/monoscript/fileName/TMP_TextElement_Legacy.cs: 33cc86d4b4c35f95c6446ea70ef56fc4 -> 6e11e173cb695b15e8cce3cd1e1cb2a7
  custom:scripting/monoscript/fileName/TMPro_SortingLayerHelper.cs: e3aabd077ed12370ac46dda129ef572e -> 8b86ad735987eff6a1277352e9e8d9b6
  custom:scripting/monoscript/fileName/TMP_EditorPanelUI.cs: 6242af713a75147e6e5820bfce936424 -> 0c3fb43855adf1da22258c211d01a47d
  custom:scripting/monoscript/fileName/TMP_RichTextTagsCommon.cs: d28b21b13d6cea8fa92671f9a2a1f20d -> 5462d55f8a9ad882f9a7f2d708a6978b
  custom:scripting/monoscript/fileName/TMPro_MeshUtilities.cs: 183dd3a7e1b70c109767dd5059a390dd -> 2237d160e4d9e81a7d899dc235029cb3
  custom:audio-encoder-webm-vorbis: bf7c407c2cedff20999df2af8eb42d56 -> 
  custom:scripting/monoscript/fileName/TMP_BaseShaderGUI.cs: 2c2d4519754bb0c1dd0a107014b7ac8a -> 25118693f24c47c8a4b530b8bff26574
  custom:scripting/monoscript/fileName/TMP_ColorGradient.cs: 3baf9c6d3c50fc594e68e0c756eb8779 -> 8d91c7c4749088eca69648d37a965bf8
  custom:scripting/monoscript/fileName/TMPro_CreateObjectMenu.cs: e9e63aff764c7e7fd08e66f87103df4d -> ddee59388caa7a56693342f3a805d427
  custom:scripting/monoscript/fileName/TMP_Compatibility.cs: d5209fd9c6a9aef9cccdbfb4f06bd571 -> 3ef1f12d3c823dd740c7c596ab076c61
  custom:scripting/monoscript/fileName/TMP_MaterialManager.cs: 1382feee688fee3eebaa5e9d7b47e98d -> 441d72ec3c04a8da6a351f60fff95465
  custom:scripting/monoscript/fileName/TMP_FontFeaturesCommon.cs: 89ff6ee76bb6f84827488d597e70ea5a -> 7d1db71d73353e7dd97f094c509882fa
  custom:scripting/monoscript/fileName/TMP_TextProcessingStack.cs: ef8795fce16f80562f220a2f8bcb6bd2 -> 6146dd1b7f9b90aa342ef9794e387c23
  custom:scripting/monoscript/fileName/TMP_InputValidator.cs: e99335724872b7fcd0e5352c682debe0 -> 5e0d679d98dae60baa87977011e0ed51
  custom:scripting/monoscript/fileName/TMP_SDFShaderGUI.cs: 082588c068c6e819b94cdf417f8b7551 -> 1460619486eb6e8da302e26af5538aaa
  custom:scripting/monoscript/fileName/TMP_TextParsingUtilities.cs: 47331f425db7fa5c443a11c866530503 -> 8b3fe20641ae0dd97405135955c706a3
  custom:scripting/monoscript/fileName/TMP_MeshInfo.cs: 375ed9fada55d6bf39f9352ef1dd520b -> 89833651f7d905e51b340ec2afe531d1
  custom:scripting/monoscript/fileName/TMP_SpriteCharacter.cs: fe232bb280dddc880a01918d3502c13a -> 81dc73ff0878d6528202f8be44877b26
  custom:scripting/monoscript/fileName/TMP_ShaderUtilities.cs: 75ec062faab558cb3190dcd3e4820547 -> 84a261643983e306d02445da38ed662f
  custom:scripting/monoscript/fileName/TMP_SpriteAssetMenu.cs: a42d2dc20ed9558b36972dc6e6d71655 -> 05ea7b84320d1b77a6d1ae49c41ee9cc
  custom:scripting/monoscript/fileName/TMP_BaseEditorPanel.cs: bf7c6aff8663a36814779dfe47e82e00 -> f4b9967705e7bb57152fef4117417ba7
  custom:scripting/monoscript/fileName/TMP_Asset.cs: dcedda1866ab6edcf1af2d4525512628 -> 7e95c8d89188057bea8fc9569c9aa309
  custom:scripting/monoscript/fileName/TMP_BitmapShaderGUI.cs: ef806c32b355e8831ed4eb3f5e3400ff -> 2ce3ac811452d1d6d82e565157cac3e2
  custom:scripting/monoscript/fileName/TMP_GlyphPropertyDrawer.cs: 75006bca208b32d4fc4710404c538acf -> 56b500a16a5c8f635a7bfdd702279864
  custom:AudioImporter_EditorPlatform: d09bf68614088b80899f8185d706f6e7 -> 
  custom:scripting/monoscript/fileName/TMPro_TexturePostProcessor.cs: d21743efde4e74198703a65b965619ea -> 0750ad2b775120fa59f760172dc340ad
  custom:scripting/monoscript/fileName/TMP_GlyphPairAdjustmentRecordPropertyDrawer.cs: 6f07d27e8ea91e29d6bd5f39dd8deb23 -> 1a07941369755af9e0a102a45e9058c5
  custom:scripting/monoscript/fileName/GlyphMetricsPropertyDrawer.cs: dd0833870bcea17556e6d67c750c6ffc -> 438b07e6eae795dab04c32f51ac4e752
  custom:scripting/monoscript/fileName/TMP_DefaultControls.cs: 1798ee96b3c83cf7d4cea690bb04976a -> 2673e29173eb9307fa53ee17c15332ed
  custom:audio-decoder-ogg-vorbis: bf7c407c2cedff20999df2af8eb42d56 -> 
  custom:scripting/monoscript/fileName/TMP_FontFeatureTable.cs: 5ff9812058e8c02a5b04eaa88778f2a5 -> cbd25d300d7ed4d969d60cb9f98f2826
  custom:scripting/monoscript/fileName/TMP_SubMeshUI.cs: 7a6337f74438df5e26b302bbbbc41105 -> 748262c65738bc5e1c553ae7a37a0c73
  custom:scripting/monoscript/fileName/TMP_FontAssetUtilities.cs: d84a52975d941e769af4ae15b3aaa211 -> 5b7a9bc9c5c56e3cb5ccc808a2bdd9e4
  custom:scripting/monoscript/fileName/TMP_SubMeshUI_Editor.cs: 765ce633a5bfada7c5afc51aed8631bb -> 119a633ce37cc27ac209988b5de61d96
  custom:scripting/monoscript/fileName/TMPro_TextContainerEditor.cs: a97aca5bcf1b2486a0f60b2c7a935c42 -> b2fbc5db24221a870c4de162a712cbfe
  custom:scripting/monoscript/fileName/TMPro_UGUI_Private.cs: 8f6297df34271fdb1ce2d9607ec6261d -> 90647cc400823b41df847a6cbfc29026
  custom:scripting/monoscript/fileName/TMP_TextUtilities.cs: f68f97869f24792bf3a3694d69de955c -> aab2855e68416a0a1f2f8904059662aa
  custom:scripting/monoscript/fileName/ITextPreProcessor.cs: 28ed6b2ca482997555fb0291bd20c40d -> a7aa94de5d5bfce2bdd74516315faaf2
  custom:video-encoder-webm-vp8: eb34c28f22e8b96e1ab97ce403110664 -> 
  custom:scripting/monoscript/fileName/TMPro_ExtensionMethods.cs: 3d34decc871f763d4c9c61f1fe0f3275 -> 479bffcc157b89693ffc4c2ef2374861
  custom:scripting/monoscript/fileName/TMP_StyleAssetMenu.cs: d695e815510410a6715fa00ae5e73f57 -> 60e7743122a0686d1131101c521adac6
  custom:scripting/monoscript/fileName/TMP_LineInfo.cs: 22ff02e7762110d3cc1f4bc096ea014d -> bb529d63c9723788bd7143f27cd69eaf
  custom:scripting/monoscript/fileName/TMP_SpriteAssetImporter.cs: 06875a6ac5102e58811218e1c5dd33ca -> 675c97d72afe988872a20f51812f7cdf
  custom:scripting/monoscript/fileName/TMP_SpriteAssetEditor.cs: 7dcaf47692799a91aa4e5cd439bc54d0 -> 8a42af05e85c0eed4128787976375b45
  custom:container-demuxer-ogg: 62fdf1f143b41e24485cea50d1cbac27 -> 
  custom:scripting/monoscript/fileName/TMP_SpriteGlyphPropertyDrawer.cs: 4a6f1515709a40d92e24c84ec92fc53a -> 1447c7afab82cf56bc359d5c7fba114e
  custom:scripting/monoscript/fileName/TMP_PreBuildProcessor.cs: d965cd4513e689cb01c0481012a89dee -> 790c12dcd4980aa978fd28fb6f89fb37
  custom:framework-win-MediaFoundation: 216162199b28c13a410421893ffa2e32 -> 
  custom:scripting/monoscript/fileName/TMP_Text.cs: c453c9b4dcb2bfad1083e3b49dfa3983 -> 5cba61e283281e8dbf7dadaabcd638dc
  custom:scripting/monoscript/fileName/TMP_PostBuildProcessHandler.cs: 728d00fd9070cbfe6d8df45c08e57305 -> c69b388004562ecb0f789fc3759d9651
  custom:scripting/monoscript/fileName/TMP_UpdateRegistery.cs: 62691e6bdb107984e7d826316a6498e1 -> 1f23864d29c3a03d22aa9b00a337cf78
  custom:scripting/monoscript/fileName/TMP_PackageResourceImporter.cs: 5335f4ee7041812300af31a777e4f584 -> 949b6e7fa2132b400d5c4aaf9c34421a
  custom:scripting/monoscript/fileName/TMP_Dropdown.cs: 39f6048c754db30f2da2ea32254db16b -> ecea2f8babcb40d207d2e73158251f60
  custom:scripting/monoscript/fileName/TMP_CharacterInfo.cs: d2593478681404ce2cbd40e4e2f8a6d3 -> c840ce0b0aa6c1faafb27b3b884b2328
  custom:scripting/monoscript/fileName/TMP_EditorPanel.cs: 0bd13db7cdfa07805bfadd631c0ddba8 -> 0631f68be4ca0623bf3e313ec9becbc9
  custom:scripting/monoscript/fileName/TMPro_ContextMenus.cs: fbbbcbf9b4eb950e9aeda2d70529152c -> 06b3d4b27f337b8d846ca7117f3251e1
  custom:video-decoder-ogg-theora: a1e56fd34408186e4bbccfd4996cb3dc -> 
  custom:scripting/monoscript/fileName/TMP_UpdateManager.cs: 2b12c9b6d4082e0390a306eceed60fc6 -> fa7e71df671c5b3088b39753e4bbc70d
  custom:scripting/monoscript/fileName/TMP_FontAsset_CreationMenu.cs: 18345b423cea91a35f20f73f48aee7e1 -> 1c5caeb31a0df734411a201aca87cb03
  custom:scripting/monoscript/fileName/TMP_TextInfo.cs: d86eebf32f36b8febee06365f862b403 -> 9e4eb698c4c168829682cbe659418e8f
  custom:scripting/monoscript/fileName/TextContainer.cs: 4e3c016869303ab3136387f7870e5adb -> 245c032a15fbc12850861c707e37b027
  custom:scripting/monoscript/fileName/TMP_FontAsset.cs: 52c81438acb65fa444fe26964ef0345b -> 6c1db4680a96f294cf0af87a0b8099aa
  custom:scripting/monoscript/fileName/TMP_SettingsEditor.cs: aa2b5eadaadb4b54b49cd650a2246119 -> 56bf06371df7e13c5b8cc88becb89a4d
  custom:scripting/monoscript/fileName/FastAction.cs: 94d6ead813247e604740a116c5fa92db -> dfbe75b66b645b53472915ad2590af11
  custom:scripting/monoscript/fileName/TMP_TextAlignmentDrawer.cs: ad15f73780bb9949f148eddcc3c3fbf7 -> 011b7908ef5eb5e9dea532c77e85c538
  custom:scripting/monoscript/fileName/TMP_SpriteGlyph.cs: 52a9bbe662618c4a5697bdefcba63d59 -> cb4cdca5a4c6415e4f27ee5280164c41
  custom:scripting/monoscript/fileName/TMP_ResourcesManager.cs: 0d972ba50c38c5b25fe15fb0c61ada2b -> 64252a073d41e9c6f4e95b5f68ac966c
  custom:scripting/monoscript/fileName/TMP_ListPool.cs: 8f6297df34271fdb1ce2d9607ec6261d -> 90647cc400823b41df847a6cbfc29026
  custom:scripting/monoscript/fileName/TMPro_EditorShaderUtilities.cs: 1203fb3feabf58cb81d888055364f838 -> f4cbef9348a73d49f1efb8d10ff07bf0
  custom:scripting/monoscript/fileName/TMP_ResourcesLoader.cs: f71e35ced40721d6906e578fb6e7f0e9 -> 6f1f07799f3cfe795f955033c27f98ed
  custom:scripting/monoscript/fileName/TMP_SubMesh.cs: ff760a824537d48706351b95c8d4be21 -> 9fd75270af40187985e5c14cc85ebe42
  custom:scripting/monoscript/fileName/TMP_CoroutineTween.cs: d4d869f6662b40274a62453f83c8a425 -> 76849b8d6d4ce499ad8ffee762e4a4af
  custom:scripting/monoscript/fileName/TMP_SelectionCaret.cs: ed141b1915a10b9c7ff9136666b54ee9 -> d2a06fefe973175bffa10d62f788c481
  custom:scripting/monoscript/fileName/TMP_SerializedPropertyHolder.cs: 9860586610cb3d91ae7f4ce33ab22d0b -> 99e5dbc1fa1abe750acc8166e4243be8
  custom:scripting/monoscript/fileName/TMP_ScrollbarEventHandler.cs: 55de10d862075cd935d8381c309f39e0 -> c015e39b5a3f1a14518ce039f30e10af
  custom:scripting/monoscript/fileName/TMP_ObjectPool.cs: 8f6297df34271fdb1ce2d9607ec6261d -> 90647cc400823b41df847a6cbfc29026
  custom:scripting/monoscript/fileName/TMP_SubMesh_Editor.cs: 6199a3bf0c204e3bdded9f5f05415a32 -> b381eb4c2ad4ef265088242d67c5b140
  custom:scripting/monoscript/fileName/TMP_ColorGradientAssetMenu.cs: 79ee3689ecabb3de162f43faa3b27adc -> 83563be632f8167fcdca7878d36901f9
  custom:container-muxer-webm: aa71ff27fc2769a1b78a27578f13a17b -> 
  custom:scripting/monoscript/fileName/TMPro_EventManager.cs: 9ebed0b1e26a8c995d644c176e696d93 -> 4c7492301243f935f7a463360f91d217
  custom:scripting/monoscript/fileName/TMP_Style.cs: 22d5739edd705d10f980250dcfd7fde0 -> ecc9948baa78373f3076151d1a0642d9
  custom:scripting/monoscript/fileName/TMP_Sprite.cs: e9945527ea1584af23f8f41ce4b844b4 -> 0ee3c386846aa132dd254421fac18cd1
  custom:scripting/monoscript/fileName/TMP_PackageUtilities.cs: 029634ff6f667ebc9454d70fde4def50 -> 89e6e95503dd36070edf73e7aaab4557
  custom:scripting/monoscript/fileName/MaterialReferenceManager.cs: eaedc912311d98c6b58e199f6250c848 -> c970e86594a0f568cbda548f2d4462c1
  custom:scripting/monoscript/fileName/TMP_SpriteAsset.cs: b46309090c7f7da519ff6ef3172bd077 -> 8d06882cb45c7664f8d7c3079ee8757f
  custom:scripting/monoscript/fileName/TMP_InputFieldEditor.cs: 8f2095c37e5fd5ed563d60163f0c2e52 -> a6f05406e9cdb59679382b884c14216a
  custom:video-codec-MediaFoundation-h265: 746d11721c4dcdbdad8f713fa42b33f4 -> 
  custom:scripting/monoscript/fileName/TMPro_Private.cs: 8f6297df34271fdb1ce2d9607ec6261d -> 90647cc400823b41df847a6cbfc29026
  custom:scripting/monoscript/fileName/TMP_EditorUtility.cs: f68b71b7543cddf9e4cdf261d5f519e5 -> b242106620cbbc38f0411146a086b885
  custom:scripting/monoscript/fileName/TMP_SpriteCharacterPropertyDrawer.cs: 63186d320ccdf4dfa06fbce4e897d3f3 -> 14565b4e4f9266584dc3194fd967d252
  custom:scripting/monoscript/fileName/TMP_CharacterPropertyDrawer.cs: 0fc1d1caf2f580e74b2224e6797250e4 -> ddc6f8909fdac3de9238e9b86e411c3e
  custom:container-demuxer-webm: 4f35f7cbe854078d1ac9338744f61a02 -> 
  custom:scripting/monoscript/fileName/TMP_UIStyleManager.cs: f54fffa86b286da3a3329c601ca8d03e -> 66d96f3fa9ea14a5a6ed3f92d3bbe0f1
  custom:scripting/monoscript/fileName/TMP_Settings.cs: 957f1889ca66b295dca8f725cc81558d -> 68d1204aae2aa6d0a54c151b7af443e7
  custom:scripting/monoscript/fileName/TMP_InputField.cs: 8fed3480abb5543168012b207b39349b -> f7712ab842984f124274656d749eca3d
  custom:scripting/monoscript/fileName/TMP_StyleSheet.cs: b6deb5f646a1f5ad7b696d32618ba797 -> de73099b6bd4b9281c92feedf1315618
  custom:scripting/monoscript/fileName/TMP_SpriteAssetImportFormats.cs: 3cc56654a2015a96112916e9636fbe6f -> 920e3140228fbd530b0080254da22d88
  custom:scripting/monoscript/fileName/TMP_Character.cs: 2bff3626198e4d2228876f1e687078e0 -> 015720458ea991fbf07357eae19532db
  custom:scripting/monoscript/fileName/TMP_SpriteAnimator.cs: 126f1482d1430ed8648c2a6d8d693c6d -> bf3a797c3a059d3698e93e0031d7f11c
========================================================================
Received Prepare
Begin MonoManager ReloadAssembly
- Loaded All Assemblies, in  1.075 seconds
Refreshing native plugins compatible for Editor in 6.41 ms, found 4 plugins.
Native extension for WindowsStandalone target not found
Mono: successfully reloaded assembly
- Finished resetting the current domain, in  1.548 seconds
Domain Reload Profiling: 2617ms
	BeginReloadAssembly (390ms)
		ExecutionOrderSort (0ms)
		DisableScriptedObjects (30ms)
		BackupInstance (0ms)
		ReleaseScriptingObjects (0ms)
		CreateAndSetChildDomain (95ms)
	RebuildCommonClasses (71ms)
	RebuildNativeTypeToScriptingClass (22ms)
	initialDomainReloadingComplete (44ms)
	LoadAllAssembliesAndSetupDomain (542ms)
		LoadAssemblies (400ms)
		RebuildTransferFunctionScriptingTraits (0ms)
		AnalyzeDomain (342ms)
			TypeCache.Refresh (341ms)
				TypeCache.ScanAssembly (322ms)
			ScanForSourceGeneratedMonoScriptInfo (0ms)
			ResolveRequiredComponents (1ms)
	FinalizeReload (1548ms)
		ReleaseScriptCaches (0ms)
		RebuildScriptCaches (0ms)
		SetupLoadedEditorAssemblies (426ms)
			LogAssemblyErrors (0ms)
			InitializePlatformSupportModulesInManaged (9ms)
			SetLoadedEditorAssemblies (4ms)
			BeforeProcessingInitializeOnLoad (144ms)
			ProcessInitializeOnLoadAttributes (231ms)
			ProcessInitializeOnLoadMethodAttributes (30ms)
			AfterProcessingInitializeOnLoad (7ms)
			EditorAssembliesLoaded (0ms)
		ExecutionOrderSort2 (0ms)
		AwakeInstancesAfterBackupRestoration (14ms)
Refreshing native plugins compatible for Editor in 9.09 ms, found 4 plugins.
Preloading 0 native plugins for Editor in 0.00 ms.
Unloading 4641 Unused Serialized files (Serialized files now loaded: 0)
Unloading 36 unused Assets / (36.1 KB). Loaded Objects now: 5215.
Memory consumption went from 153.2 MB to 153.1 MB.
Total: 9.534700 ms (FindLiveObjects: 0.619200 ms CreateObjectMapping: 0.767200 ms MarkObjects: 8.021400 ms  DeleteObjects: 0.124800 ms)

Prepare: number of updated asset objects reloaded= 0
AssetImportParameters requested are different than current active one (requested -> active):
  custom:scripting/precompiled-assembly-types:Unity.2D.Aseprite.Common: 6f32d9da0697a1bcfc71999c7b08d0ec -> 
  custom:scripting/monoscript/fileName/InputActionAssetEditor.cs: 4adbf4cb8c26b8932ee3ffc274073efe -> 
  custom:scripting/monoscript/fileName/IInputActionCollection.cs: 48d624420401ff220daba7d5ae2b1364 -> 
  custom:scripting/monoscript/fileName/InputStateBuffers.cs: 093dce8d3186118dd5042dafab7ae9e8 -> 
  custom:scripting/monoscript/fileName/TMP_EditorResourceManager.cs: 30391129c5b96f298e44c099ae0fab57 -> f56b80268a934198a76acc6f4cef503c
  custom:scripting/monoscript/fileName/TMPro_FontAssetCreatorWindow.cs: 9d68c1aab1c646cdf3e70083dc01df96 -> 0d0900483ed9b57d4ccc2ff58d1220b3
  custom:scripting/precompiled-assembly-types:Unity.PlasticSCM.Editor.Entities: bae848875a35fe96f09fcc9f4e534600 -> 
  custom:scripting/monoscript/fileName/TMP_EditorCoroutine.cs: 01d80099920d11c11bfa87417e26164b -> 04cbf5ce6e541d98265aa7668ef82832
  custom:scripting/monoscript/fileName/TMP_StyleSheetEditor.cs: b6503d890746d6150e0f267f43ce60e4 -> 38b210a450ac855df2d81ab0242c2feb
  custom:scripting/precompiled-assembly-types:Unity.Burst.Editor: 6655d4bb1a520167847443de58212760 -> 
  custom:scripting/precompiled-assembly-types:Unity.VisualScripting.SettingsProvider.Editor: 260304d2d8b32cf9aa9c89f0a7e44d64 -> 
  custom:scripting/monoscript/fileName/XInputSupport.cs: f0d85607abbb4b1149b4034019ff04ed -> 
  custom:scripting/monoscript/fileName/CallbackDataSource.cs: 6f704c385b696082180aa49bed32c026 -> 
  custom:scripting/monoscript/fileName/DropdownOptionListDrawer.cs: 342ee3f9c806e60b189c02609042c492 -> 4362475bc384312c771d88865ee2f40d
  custom:scripting/monoscript/fileName/StringHelpers.cs: 091725760b03f79e734c77418a754009 -> 
  custom:scripting/monoscript/fileName/TMP_FontAssetEditor.cs: ff94a59ea0ba0aa81aa8a7f307f2efd3 -> e359b61135381f6b1d7b8c7e97a930f3
  custom:scripting/monoscript/fileName/InlinedArray.cs: e42627bc0cc64469ebb2649b4749f607 -> 
  custom:scripting/monoscript/fileName/TextMeshPro.cs: 0cfab9de2f927cf0a5e3dc6276498acd -> 
  custom:scripting/monoscript/fileName/InvertVector2Processor.cs: 774a3487189aea92da637db92d9118d5 -> 
  custom:scripting/monoscript/fileName/TMP_FontAssetCommon.cs: 4a5ab4d4426385ab38edd57c118cd485 -> 2b5f11ccf8aacaf9b5ea6564bf2b0d57
  custom:scripting/monoscript/fileName/SDLDeviceBuilder.cs: 00cc39ba5b1705d465f85acb258f3546 -> 
  custom:scripting/precompiled-assembly-types:Unity.CollabProxy.Editor: a36ccc33b98b7f62b28d4846b6685fc2 -> 
  custom:scripting/monoscript/fileName/InputExtensions.cs: 8f6f56ef37e3f054a7a7409cdb252c10 -> 
  custom:scripting/monoscript/fileName/TMP_TextElement.cs: fb8354965187a75f506d9a9df85f19dd -> 5dfb95666bd41ecc32948097824aba23
  custom:scripting/monoscript/fileName/TMP_DropdownEditor.cs: 6df138b51e278f9c93bd4976e96aa952 -> 2d907ee76ef876797c15186180266847
  custom:scripting/monoscript/fileName/RequestResetCommand.cs: 5a881eceedbc23163d3feb8f09a28034 -> 
  custom:scripting/monoscript/fileName/InvertProcessor.cs: 8fef723b3e8cbb132d922876d3097cdd -> 
  custom:scripting/monoscript/fileName/TMP_ColorGradientEditor.cs: 187fe88a4e95285275d1781f1da14d92 -> ed654c9d45026a5f71e6e9535130c15f
  custom:scripting/monoscript/fileName/InputUser.cs: 36260a9ec48499f72e73f9eafc0552cb -> 
  custom:scripting/monoscript/fileName/ExceptionHelpers.cs: efe275f28a8e9b2b00af109efb2e0ab3 -> 
  custom:scripting/monoscript/fileName/NativeInputRuntime.cs: 1afac435db3687569cb35bb179fea323 -> 
  custom:scripting/monoscript/fileName/AndroidGameController.cs: 983c50cb29c719445cd8ec25f85ff5c0 -> 
  custom:video-decoder-webm-vp8: 9c59270c3fd7afecdb556c50c9e8de78 -> 
  custom:scripting/monoscript/fileName/HIDDescriptorWindow.cs: 6aaa5f652db1e6353aacd01ef4c18854 -> 
  custom:scripting/monoscript/fileName/GlyphRectPropertyDrawer.cs: d355023434b9b8f82f7070cb40c7c036 -> bdec415148eac17379112822c8814df5
  custom:scripting/precompiled-assembly-types:Unity.Timeline: abf1b76908d4f74fb0585822d48240cb -> 
  custom:scripting/monoscript/fileName/Vector3Control.cs: e9a096b3ccdb308c7a9d4b5889021b7a -> 
  custom:scripting/monoscript/fileName/TapInteraction.cs: 596bdc6ff1cd547c8cdd5f2cc72ee25a -> 
  custom:scripting/monoscript/fileName/TMP_TextElement_Legacy.cs: 33cc86d4b4c35f95c6446ea70ef56fc4 -> 6e11e173cb695b15e8cce3cd1e1cb2a7
  custom:scripting/precompiled-assembly-types:Unity.2D.IK.Runtime: f6798abd11ecc61806ab352358b62121 -> 
  custom:scripting/monoscript/fileName/TMPro_SortingLayerHelper.cs: e3aabd077ed12370ac46dda129ef572e -> 8b86ad735987eff6a1277352e9e8d9b6
  custom:scripting/monoscript/fileName/InputProcessor.cs: 3ec0d2c772ab1a7b95e1616ff5397755 -> 
  custom:scripting/monoscript/fileName/InputActionReference.cs: fbc849277b28f1d12c10638fd6cc5e30 -> 
  custom:scripting/monoscript/fileName/TMP_EditorPanelUI.cs: 6242af713a75147e6e5820bfce936424 -> 0c3fb43855adf1da22258c211d01a47d
  custom:scripting/monoscript/fileName/InputEditorUserSettings.cs: a0a69ad77f1e5a40ed7ef9025a06e030 -> 
  custom:scripting/monoscript/fileName/Gamepad.cs: 266a4361e17cc18fb7776706f865b6cc -> 
  custom:scripting/monoscript/fileName/OnScreenSupport.cs: 49400ba586ee250d59e551f6447ee71e -> 
  custom:scripting/monoscript/fileName/ActionEvent.cs: b3ea1ccaeb8c8f45c6b4115a47e7e07f -> 
  custom:scripting/precompiled-assembly-types:Unity.2D.Tilemap.Extras.Editor: f731058bf1a7222526ff2db8aee38217 -> 
  custom:scripting/monoscript/fileName/TouchSimulation.cs: feb611e04b376a0121f4ebc0bc2c56ac -> 
  custom:scripting/monoscript/fileName/TakeNObservable.cs: 0cdf409b5aa8d4c25876d72b5c6a3b60 -> 
  custom:scripting/monoscript/fileName/QueryEnabledStateCommand.cs: 87c8e7655c4949e0535eb54544eb97da -> 
  custom:scripting/monoscript/fileName/IOSGameController.cs: dd4dd0e526e0233e35c4166a4e15be3b -> 
  custom:scripting/monoscript/fileName/KeyControl.cs: 8c245292417dc646748409be61bb7b1e -> 
  custom:scripting/monoscript/fileName/AndroidSensors.cs: 86b1397c0edde5f4948c6f927e39ac2a -> 
  custom:scripting/monoscript/fileName/EditorHelpers.cs: eda3dee24631ee2d7037d1e0dd169286 -> 
  custom:scripting/monoscript/fileName/TextEvent.cs: 76acc414d4175dd733571757e9b97806 -> 
  custom:scripting/monoscript/fileName/TMP_RichTextTagsCommon.cs: d28b21b13d6cea8fa92671f9a2a1f20d -> 5462d55f8a9ad882f9a7f2d708a6978b
  custom:scripting/monoscript/fileName/CommonUsages.cs: 18408d7225731f5f7bf0e3a3ad47e27f -> 
  custom:scripting/monoscript/fileName/InputActionEditorWindow.cs: e72d7d7ff1055479629b55015dfaf76d -> 
  custom:scripting/monoscript/fileName/TMPro_MeshUtilities.cs: 183dd3a7e1b70c109767dd5059a390dd -> 2237d160e4d9e81a7d899dc235029cb3
  custom:scripting/monoscript/fileName/TypeTable.cs: a6a17e2e95c02f50895f3adeb936d7ed -> 
  custom:scripting/monoscript/fileName/InputTestFixture.cs: 11f95b08f956d0e0534e403aaea3e0cf -> 
  custom:scripting/monoscript/fileName/IXboxOneRumble.cs: 1ff76612acedabce48adac10ccc4ff22 -> 
  custom:scripting/monoscript/fileName/IMECompositionEvent.cs: 17f069477bc4d20ba49d87cb5179ba0d -> 
  custom:scripting/monoscript/fileName/HexagonalRuleTile.cs: 06dd7fca2700fb4aaa03a7cd13f58833 -> 
  custom:audio-encoder-webm-vorbis: bf7c407c2cedff20999df2af8eb42d56 -> 
  custom:scripting/monoscript/fileName/PropertiesViewBase.cs: ab4a9abc2367374ef408b77c20b6af94 -> 
  custom:scripting/monoscript/fileName/TMP_BaseShaderGUI.cs: 2c2d4519754bb0c1dd0a107014b7ac8a -> 25118693f24c47c8a4b530b8bff26574
  custom:scripting/monoscript/fileName/QueryKeyboardLayoutCommand.cs: 202a87fda801e4aee6e91befbd89e701 -> 
  custom:scripting/monoscript/fileName/InputStateHistory.cs: 9771bbe5c5afd534a9dc0f8e8f60ae99 -> 
  custom:scripting/monoscript/fileName/InputActionParameters.cs: 8ec6cd02063bce29fc5f16aa6f97020d -> 
  custom:scripting/precompiled-assembly-types:Assembly-CSharp: 9364cc84dd9910023f5db09ce7df596e -> 
  custom:scripting/monoscript/fileName/SetSamplingFrequencyCommand.cs: 47d086117c0acad03de65dbcce09e259 -> 
  custom:scripting/monoscript/fileName/UnityRemoteSupport.cs: 982f96b2b3bcf7b6fe852779285ed35f -> 
  custom:scripting/monoscript/fileName/TwoModifiersComposite.cs: eb122d12dc9485d1b7f97cc256726e8b -> 
  custom:scripting/monoscript/fileName/GoogleVR.cs: 99c1f4b0215996dade99604b61c7ec12 -> 
  custom:scripting/monoscript/fileName/OpenVR.cs: 77f0de6828ff8ecbd33f19acd04444f7 -> 
  custom:scripting/monoscript/fileName/InputControlPicker.cs: 6b00d000a225762ecd654d2e2099bede -> 
  custom:scripting/monoscript/fileName/InputSettingsProvider.cs: aad247d3909e557ebafce3429de6662a -> 
  custom:scripting/monoscript/fileName/ViewStateCollection.cs: 90647cc400823b41df847a6cbfc29026 -> 
  custom:scripting/monoscript/fileName/NormalizeProcessor.cs: 3de4423bc603683c7ace908ef059b016 -> 
  custom:scripting/monoscript/fileName/InputMetrics.cs: a5c225dbed9a189ed621c2052e3e4812 -> 
  custom:scripting/monoscript/fileName/InputUserSettings.cs: 916cc29923c01ad422d1a009d6775681 -> 
  custom:scripting/monoscript/fileName/QuaternionControl.cs: a9008c1888de55a3e771c5cf20b7f3d9 -> 
  custom:scripting/monoscript/fileName/InputDiagnostics.cs: 33a0d887634ac60a4b86fe7315969c5c -> 
  custom:scripting/monoscript/fileName/TMP_ColorGradient.cs: 3baf9c6d3c50fc594e68e0c756eb8779 -> 8d91c7c4749088eca69648d37a965bf8
  custom:scripting/monoscript/fileName/Pen.cs: 6eab9170261bbd85df09d1ffe39eb3e1 -> 
  custom:scripting/monoscript/fileName/JsonParser.cs: 4ca9a1eed6af4d53f2778a8abb3703e2 -> 
  custom:scripting/monoscript/fileName/BufferedRumble.cs: 6a480de6b1fe2251e7ff08c4ce4c02ea -> 
  custom:scripting/monoscript/fileName/DelegateHelpers.cs: d5bb425af0b5b02d6700aaef05db5f95 -> 
  custom:scripting/monoscript/fileName/EnhancedTouchSupport.cs: 60dfbeffc3a1db5c7c0f9d4fab51a6e1 -> 
  custom:scripting/precompiled-assembly-types:Unity.InputSystem.ForUI: bae848875a35fe96f09fcc9f4e534600 -> 
  custom:scripting/monoscript/fileName/TypeHelpers.cs: 9fde05372a5fe2745109df4672477f7b -> 
  custom:scripting/monoscript/fileName/DeviceConfigurationEvent.cs: 510c7dba8b40726e797345201b3fa470 -> 
  custom:scripting/monoscript/fileName/TouchPhaseControl.cs: 7512f1f8335d9b1be74dcd0ea47c1e22 -> 
  custom:scripting/monoscript/fileName/TMPro_CreateObjectMenu.cs: e9e63aff764c7e7fd08e66f87103df4d -> ddee59388caa7a56693342f3a805d427
  custom:scripting/monoscript/fileName/SetIMECursorPositionCommand.cs: e9aeee9dfc1e3895d4b1fdbc699ffd99 -> 
  custom:scripting/monoscript/fileName/DualShockGamepad.cs: f5f4051139b2f1a41a8085b7526eb7be -> 
  custom:scripting/monoscript/fileName/StickDeadzoneProcessor.cs: 6d6058c9ef1ff49292708e93df0f6950 -> 
  custom:scripting/monoscript/fileName/AsepriteImporter.cs: 75abe4fbe831928e105d619d45f5475b -> 
  custom:scripting/monoscript/fileName/ExtendedAxisEventData.cs: 4c1bfc702ee844fc30595587145d523b -> 
  custom:scripting/precompiled-assembly-types:Unity.VisualScripting.Shared.Editor: b1bd646cbd56acfef4597dda0faf849f -> 
  custom:scripting/monoscript/fileName/InputDeviceBuilder.cs: c6e7fb09ff8d2cc0d492291cffb5dd90 -> 
  custom:scripting/monoscript/fileName/InputStateWindow.cs: 07ffe9d19da59cd790dac73385b44113 -> 
  custom:scripting/monoscript/fileName/InputUserAccountHandle.cs: a5f9751051223c483aa2839401cb39cd -> 
  custom:scripting/monoscript/fileName/OnInputSystemEvent.cs: e171c6b3cddc0b66f4aceeb7d12168cd -> 
  custom:scripting/monoscript/fileName/InputBindingCompositeContext.cs: d2a9f79b307a55dd2196a058ec520c90 -> 
  custom:scripting/monoscript/fileName/NumberHelpers.cs: 322df6125e7a7f4f0d1f63844c1365d8 -> 
  custom:scripting/monoscript/fileName/XInputController.cs: 3c93688e4b8cb689f66843b8c8f16884 -> 
  custom:scripting/monoscript/fileName/ExtendedPointerEventData.cs: f800ca056555c185c05f28019e4b9518 -> 
  custom:postprocessor/textureSprite: 704a9d4329f3af01b3a5c89999a88182 -> 1909f56bfc062723c751e8b465ee728b
  custom:scripting/monoscript/fileName/TMP_Compatibility.cs: d5209fd9c6a9aef9cccdbfb4f06bd571 -> 3ef1f12d3c823dd740c7c596ab076c61
  custom:scripting/monoscript/fileName/LinkFileGenerator.cs: 2ed47bf5d52f4c1c29dec48f52ce1e5a -> 
  custom:scripting/monoscript/fileName/MultiTapInteraction.cs: 84287a69790c19af273393c4356ab542 -> 
  custom:scripting/monoscript/fileName/TMP_MaterialManager.cs: 1382feee688fee3eebaa5e9d7b47e98d -> 441d72ec3c04a8da6a351f60fff95465
  custom:scripting/monoscript/fileName/InputEventBuffer.cs: 33cbaee6508a09a49b071c485ac9102d -> 
  custom:scripting/monoscript/fileName/ExpressionUtils.cs: 013fd47e1c2b83228144928557c1ba49 -> 
  custom:scripting/monoscript/fileName/TimelineAsset.cs: 922c4504d3900c9d0f1009b93072bf15 -> 
  custom:scripting/monoscript/fileName/TMP_FontFeaturesCommon.cs: 89ff6ee76bb6f84827488d597e70ea5a -> 7d1db71d73353e7dd97f094c509882fa
  custom:scripting/monoscript/fileName/AdvancedDropdownWindow.cs: 235b2f05f0f17c166eb77c8d57102337 -> 
  custom:scripting/monoscript/fileName/DiscreteButtonControl.cs: dfa90d972c30096c4f7b7c1be2abf41d -> 
  custom:scripting/monoscript/fileName/TrackAsset.cs: 05c366eb01e12385210cbb2c784bc95b -> 
  custom:scripting/monoscript/fileName/InputSystemUIInputModule.cs: 7c711937d8f4dbfd5b13401c6051fc58 -> 
  custom:scripting/monoscript/fileName/ArrayHelpers.cs: 7478d3b887e0c3afe312a1585d7ab77d -> 
  custom:scripting/monoscript/fileName/TMP_TextProcessingStack.cs: ef8795fce16f80562f220a2f8bcb6bd2 -> 6146dd1b7f9b90aa342ef9794e387c23
  custom:scripting/monoscript/fileName/TMP_InputValidator.cs: e99335724872b7fcd0e5352c682debe0 -> 5e0d679d98dae60baa87977011e0ed51
  custom:scripting/monoscript/fileName/TMP_SDFShaderGUI.cs: 082588c068c6e819b94cdf417f8b7551 -> 1460619486eb6e8da302e26af5538aaa
  custom:scripting/monoscript/fileName/VirtualMouseInput.cs: e3ef3ab161a243cb2a500a35a4caee75 -> 
  custom:scripting/monoscript/fileName/InputActionInspector.cs: feb294aa54880b2096f97ebf1b199a15 -> 
  custom:scripting/monoscript/fileName/NormalizeVector3Processor.cs: a9fdcc08cb92f00cadc525b362b15ecf -> 
  custom:scripting/monoscript/fileName/TMP_TextParsingUtilities.cs: 47331f425db7fa5c443a11c866530503 -> 8b3fe20641ae0dd97405135955c706a3
  custom:scripting/monoscript/fileName/TouchControl.cs: bc4be08888a45c76e7675bb7d2381412 -> 
  custom:scripting/monoscript/fileName/IEventPreProcessor.cs: 7295c10dcae8814a8292aa0ee947599f -> 
  custom:scripting/monoscript/fileName/XInputControllerWindows.cs: ccd364aacdd4c07fc90a580603986127 -> 
  custom:scripting/monoscript/fileName/HIDSupport.cs: 099f7abf8a3ee4aa9bd36bc75ccbfefb -> 
  custom:scripting/monoscript/fileName/TMP_MeshInfo.cs: 375ed9fada55d6bf39f9352ef1dd520b -> 89833651f7d905e51b340ec2afe531d1
  custom:scripting/monoscript/fileName/TMP_SpriteCharacter.cs: fe232bb280dddc880a01918d3502c13a -> 81dc73ff0878d6528202f8be44877b26
  custom:scripting/monoscript/fileName/TMP_ShaderUtilities.cs: 75ec062faab558cb3190dcd3e4820547 -> 84a261643983e306d02445da38ed662f
  custom:scripting/monoscript/fileName/TMP_SpriteAssetMenu.cs: a42d2dc20ed9558b36972dc6e6d71655 -> 05ea7b84320d1b77a6d1ae49c41ee9cc
  custom:scripting/monoscript/fileName/AdvancedDropdownDataSource.cs: 428d52d44c12b04eddf300f83f94fb9c -> 
  custom:scripting/monoscript/fileName/FourCC.cs: 718ad77a73db081c260cd8ce625d1d12 -> 
  custom:scripting/precompiled-assembly-types:Unity.Collections.DocCodeSamples: 23ba9e0c5ef3e46a6ff4f5179d85b4a5 -> 
  custom:scripting/precompiled-assembly-types:Unity.2D.Aseprite.Editor: f234ca7f30e0d3802784db36c43a5f54 -> 
  custom:scripting/monoscript/fileName/InputBindingComposite.cs: 8acdccf814316320ed20f4ab536c63c4 -> 
  custom:scripting/monoscript/fileName/InputBinding.cs: f6fa0e7ca1620e125824ad7aa87dde6a -> 
  custom:scripting/monoscript/fileName/OnInputSystemEventAnalyser.cs: 5000030ea589a42dacb479a2f3766fbd -> 
  custom:scripting/monoscript/fileName/XRLayoutBuilder.cs: 21ffc1832cbfeb6035611a9800913395 -> 
  custom:scripting/monoscript/fileName/SpriteResolver.cs: 67f7227e2d323fd4e5b5df810879aea5 -> 
  custom:scripting/monoscript/fileName/InputManager.cs: dea24e3da8b083e8a28641430520c9c0 -> 
  custom:scripting/monoscript/fileName/InputSystemPlugin.cs: 10a580f1db4a8ef14ffb6c3b099a0564 -> 
  custom:scripting/precompiled-assembly-types:Unity.Timeline.Editor: 71c2022fe37cdb080a0d157ec85f97d2 -> 
  custom:scripting/monoscript/fileName/InputActionProperty.cs: 1cef8e3bac8177c58bdf00b89999ee70 -> 
  custom:scripting/monoscript/fileName/OneModifierComposite.cs: 2396a536ac3012f9b195d576a48ca0bd -> 
  custom:scripting/monoscript/fileName/TMP_BaseEditorPanel.cs: bf7c6aff8663a36814779dfe47e82e00 -> f4b9967705e7bb57152fef4117417ba7
  custom:scripting/monoscript/fileName/TMP_Asset.cs: dcedda1866ab6edcf1af2d4525512628 -> 7e95c8d89188057bea8fc9569c9aa309
  custom:scripting/monoscript/fileName/UISupport.cs: 4aef61197fdf43dacd2c65403caf85ae -> 
  custom:scripting/monoscript/fileName/InputControlList.cs: 849ed7f5b11c9db237ef61b01c5a5104 -> 
  custom:scripting/monoscript/fileName/SerializedPropertyLinqExtensions.cs: eb3c7e6c13c4deaa409be0505d1c60ed -> 
  custom:scripting/monoscript/fileName/IViewStateCollection.cs: 1a1a29e9cf9e831fdcf0170a29d9ffa4 -> 
  custom:scripting/monoscript/fileName/TMP_BitmapShaderGUI.cs: ef806c32b355e8831ed4eb3f5e3400ff -> 2ce3ac811452d1d6d82e565157cac3e2
  custom:scripting/precompiled-assembly-types:Unity.Mathematics: eda48956a0bece48f802264722748d9b -> 
  custom:scripting/monoscript/fileName/TMP_GlyphPropertyDrawer.cs: 75006bca208b32d4fc4710404c538acf -> 56b500a16a5c8f635a7bfdd702279864
  custom:scripting/monoscript/fileName/StickControl.cs: a26eebfd1e1a58f0392d28dd3a767141 -> 
  custom:scripting/monoscript/fileName/IInputDeviceCommandInfo.cs: 9dd42f14ac828da16c6ba30310467251 -> 
  custom:scripting/monoscript/fileName/AxisDeadzoneProcessor.cs: 4ce0869e85b18c3815fae1e784e9f914 -> 
  custom:scripting/monoscript/fileName/DualMotorRumbleCommand.cs: fe0683f0fffd14959bf3d500e2cc8956 -> 
  custom:scripting/monoscript/fileName/InputActionTreeViewItems.cs: 60a054e7e783d32e6aa767531543afa7 -> 
  custom:scripting/monoscript/fileName/ReadOnlyArray.cs: 3483e6d7d8ddcc3c4be5ef7b099dae36 -> 
  custom:AudioImporter_EditorPlatform: d09bf68614088b80899f8185d706f6e7 -> 
  custom:scripting/monoscript/fileName/TMPro_TexturePostProcessor.cs: d21743efde4e74198703a65b965619ea -> 0750ad2b775120fa59f760172dc340ad
  custom:scripting/monoscript/fileName/InputUpdateType.cs: abf5b4d2515f610113412cbf99b0e951 -> 
  custom:scripting/precompiled-assembly-types:Unity.VisualScripting.Core.Editor: d204d28cd103c830c5d0fadd0affaa78 -> 
  custom:scripting/monoscript/fileName/WinUserInput.cs: 56506de120dd826b17622d0065c9f5bb -> 
  custom:scripting/monoscript/fileName/TMP_GlyphPairAdjustmentRecordPropertyDrawer.cs: 6f07d27e8ea91e29d6bd5f39dd8deb23 -> 1a07941369755af9e0a102a45e9058c5
  custom:scripting/monoscript/fileName/ButtonWithTwoModifiers.cs: 8fbe9bb2a05d6d8ae165c4af2a58f87a -> 
  custom:scripting/monoscript/fileName/InputParameterEditor.cs: 431a7292e136429730776139ea5efe7c -> 
  custom:scripting/precompiled-assembly-types:Unity.InputSystem: fc6d0e2cd5f45f630970aa71bff021eb -> 
  custom:scripting/precompiled-assembly-types:Unity.2D.Animation.Editor: 6542aaa6ee1468b47f298413353b9fe5 -> 
  custom:scripting/monoscript/fileName/InputEventPtr.cs: a12d6ebfcf9beb317d1aba534bdcb661 -> 
  custom:scripting/monoscript/fileName/GlyphMetricsPropertyDrawer.cs: dd0833870bcea17556e6d67c750c6ffc -> 438b07e6eae795dab04c32f51ac4e752
  custom:scripting/monoscript/fileName/SavedState.cs: 56a12a9cddf9ae7c17f0f2e9ce84e15c -> 
  custom:scripting/monoscript/fileName/TMP_DefaultControls.cs: 1798ee96b3c83cf7d4cea690bb04976a -> 2673e29173eb9307fa53ee17c15332ed
  custom:scripting/precompiled-assembly-types:Unity.Collections: 3ed35f6c42a4ff122eae303a72eec4b3 -> 
  custom:scripting/monoscript/fileName/SerializedInputActionMap.cs: e95d2d4c78a3c4d8a469e16dec186e8f -> 
  custom:audio-decoder-ogg-vorbis: bf7c407c2cedff20999df2af8eb42d56 -> 
  custom:scripting/monoscript/fileName/ReactiveProperty.cs: 90647cc400823b41df847a6cbfc29026 -> 
  custom:scripting/monoscript/fileName/WebGLJoystick.cs: a371b63b19b599ea436e51a8622ae305 -> 
  custom:scripting/monoscript/fileName/AdvancedDropdownState.cs: f58f4f7e4985491ab3d781ef1400a71e -> 
  custom:scripting/monoscript/fileName/InputSettingsBuildProvider.cs: 5d0bda9b4dc3704476fdb73c6130f785 -> 
  custom:scripting/precompiled-assembly-types:Unity.VisualStudio.Editor: d3eec9932ca66612a81e6a5c47e2f17f -> 
  custom:scripting/monoscript/fileName/DoubleControl.cs: 0e8ba0ca87f759d63baeef89535dfd87 -> 
  custom:scripting/precompiled-assembly-types:UnityEditor.TestRunner: 07e5ad206b5f7cbac9588e2a90c68022 -> 
  custom:scripting/monoscript/fileName/SendHapticImpulseCommand.cs: f861e3878e1b38fdc5e7357d87264e9e -> 
  custom:scripting/precompiled-assembly-types:Unity.Rider.Editor: e16338d156ee865d32182e85a4ba9f4e -> 
  custom:scripting/monoscript/fileName/WebGLGamepad.cs: 38d4094cfcfa00e7b8f84db2e77d746c -> 
  custom:scripting/monoscript/fileName/TMP_FontFeatureTable.cs: 5ff9812058e8c02a5b04eaa88778f2a5 -> cbd25d300d7ed4d969d60cb9f98f2826
  custom:scripting/monoscript/fileName/TMP_SubMeshUI.cs: 7a6337f74438df5e26b302bbbbc41105 -> 748262c65738bc5e1c553ae7a37a0c73
  custom:scripting/monoscript/fileName/WarpMousePositionCommand.cs: 01384d8ffa6a4ca8ee07bdccdac35b25 -> 
  custom:scripting/monoscript/fileName/InputActionState.cs: 0b37a93989f6e5de9afaeb4201ff9fd1 -> 
  custom:scripting/monoscript/fileName/InternedString.cs: 95f1db197e52a5e6ea3f009cd95df5ed -> 
  custom:scripting/monoscript/fileName/FastMouse.partial.cs: c1eb115b9947f2d7660b6624e6d2a006 -> 
  custom:scripting/monoscript/fileName/IHaptics.cs: 5c70e747929f1a71eccdc11041ef53fe -> 
  custom:scripting/precompiled-assembly-types:Unity.InputSystem.TestFramework: 7ec75b260a40a57aeffe570e5787571b -> 
  custom:scripting/monoscript/fileName/InputActionDebuggerWindow.cs: 872825097bc1ef1faa83af3d2b00a7e1 -> 
  custom:scripting/monoscript/fileName/IInputRuntime.cs: 683baa8e477b4ccf74f0b797af7a5130 -> 
  custom:scripting/precompiled-assembly-types:Unity.2D.Animation.Runtime: 0b59c9e48b2bfa23daac4f162dd94af2 -> 
  custom:scripting/monoscript/fileName/InputActionTrace.cs: 004f24f75c0a176ffc4990497785b33c -> 
  custom:scripting/monoscript/fileName/PressInteraction.cs: 752c473143499f0f1beaacb15f400a1d -> 
  custom:scripting/monoscript/fileName/InputDeviceMatcher.cs: 934062a53f2d14192d3094d9f09442b6 -> 
  custom:scripting/monoscript/fileName/TMP_FontAssetUtilities.cs: d84a52975d941e769af4ae15b3aaa211 -> 5b7a9bc9c5c56e3cb5ccc808a2bdd9e4
  custom:scripting/monoscript/fileName/CallbackArray.cs: 90647cc400823b41df847a6cbfc29026 -> 
  custom:scripting/monoscript/fileName/Observable.cs: 622d3d50ef7faf6ec60105d4626f5ceb -> 
  custom:scripting/monoscript/fileName/ScaleVector3Processor.cs: 4f21bb4fa41fc96799edb532f6172693 -> 
  custom:scripting/monoscript/fileName/NamedValue.cs: 8376b4dcd097f8e75b2f3411208254ef -> 
  custom:scripting/monoscript/fileName/GetCurrentHapticStateCommand.cs: 4cd4b9a65647c18ded8aa1c4b2b9796f -> 
  custom:scripting/monoscript/fileName/SerializedPropertyHelpers.cs: 54656cf4b888a0555d305d3172f6ef93 -> 
  custom:scripting/precompiled-assembly-types:Unity.2D.Common.Path.Editor: 67ef6a7d0ffe69b88d4a058454e0baa3 -> 
  custom:scripting/monoscript/fileName/InputActionImporter.cs: 19c89ffe8a0f97b5dd3ac2a40ca07edb -> 
  custom:scripting/monoscript/fileName/TMP_SubMeshUI_Editor.cs: 765ce633a5bfada7c5afc51aed8631bb -> 119a633ce37cc27ac209988b5de61d96
  custom:scripting/monoscript/fileName/InputActionAssetManager.cs: ea530132c4d1b5020dd6e476a2a38fb4 -> 
  custom:scripting/monoscript/fileName/IDualShockHaptics.cs: 3802c2cf67d004ba5d74496df2179836 -> 
  custom:scripting/monoscript/fileName/TMPro_TextContainerEditor.cs: a97aca5bcf1b2486a0f60b2c7a935c42 -> b2fbc5db24221a870c4de162a712cbfe
  custom:scripting/monoscript/fileName/InputControlTreeView.cs: 1bdd4cb4dbef8eaf9ad8e2bac2f52d92 -> 
  custom:scripting/monoscript/fileName/InputRemoting.cs: f8614d7aef4c39466e146a472122fec7 -> 
  custom:scripting/monoscript/fileName/TrackedDeviceRaycaster.cs: b8a6378867816e80ed0f3d9fe60f3bbe -> 
  custom:scripting/monoscript/fileName/MiscHelpers.cs: d6cca883f594dee23f0feba018b6d615 -> 
  custom:scripting/monoscript/fileName/WebGLSupport.cs: 654530562f42308f2719cc6498dc6cd4 -> 
  custom:scripting/monoscript/fileName/BaseInputOverride.cs: a912c8e7729c202e46ac536346090423 -> 
  custom:scripting/monoscript/fileName/LinuxSupport.cs: 25480eb3c0fe95eb4511ca50e34150d8 -> 
  custom:scripting/monoscript/fileName/TMPro_UGUI_Private.cs: 8f6297df34271fdb1ce2d9607ec6261d -> 90647cc400823b41df847a6cbfc29026
  custom:scripting/monoscript/fileName/InputSettingsiOSProvider.cs: 740a15f6b71b62d4d0ab469224856ce4 -> 
  custom:scripting/precompiled-assembly-types:Unity.InternalAPIEngineBridge.001: 727c2dd33fd9ba33b3b36d8b0abec3e5 -> 
  custom:scripting/monoscript/fileName/InputDebuggerWindow.cs: 1dae732b971e79e790411dffde0dc007 -> 
  custom:scripting/monoscript/fileName/HID.cs: 14ac29e61424a85a621280935b74e9d3 -> 
  custom:scripting/monoscript/fileName/InputActionSetupExtensions.cs: 9f825161e7326e1030e07355fbc72851 -> 
  custom:scripting/monoscript/fileName/MultiLevelDataSource.cs: f2b2576c0243f129ea7ce41b871724db -> 
  custom:scripting/monoscript/fileName/InputInteractionContext.cs: e9b9207c5a457e9ba1ed5b963caa1c29 -> 
  custom:scripting/monoscript/fileName/ITextInputReceiver.cs: 8b2979455c8552da770df1cfa8183102 -> 
  custom:scripting/monoscript/fileName/Vector2Control.cs: ad75cbde8c4029137f073e4f44bb18d0 -> 
  custom:scripting/monoscript/fileName/TextMeshProUGUI.cs: b783d06a82b0620f102e3253b4b9fc9b -> 
  custom:scripting/monoscript/fileName/InputControl.cs: beed85fe9b3431d0b1ba03e15cb33fe6 -> 
  custom:scripting/monoscript/fileName/InputDeviceDescription.cs: b7fafe849135bccdd4576f0a348eb655 -> 
  custom:scripting/monoscript/fileName/InputEvent.cs: fd054d2072bcad44e3a253005347289b -> 
  custom:scripting/monoscript/fileName/InputActionRebindingExtensions.cs: 800aebbd7a30c1f9ff7fb1fa8ee640fa -> 
  custom:scripting/monoscript/fileName/TMP_TextUtilities.cs: f68f97869f24792bf3a3694d69de955c -> aab2855e68416a0a1f2f8904059662aa
  custom:scripting/monoscript/fileName/InputEventStream.cs: ea6c76443cc84b1345bb202bc3c6e172 -> 
  custom:scripting/monoscript/fileName/DefaultInputControlPickerLayout.cs: 0d39d096b1a242cb2404a05c8ab9b9dc -> 
  custom:scripting/monoscript/fileName/GetHapticCapabilitiesCommand.cs: cae75b99f8d3e9c6ddab6313911969e6 -> 
  custom:scripting/monoscript/fileName/PoseControl.cs: 26044499bf9bfd77ab38d92d33de1d80 -> 
  custom:scripting/monoscript/fileName/ITextPreProcessor.cs: 28ed6b2ca482997555fb0291bd20c40d -> a7aa94de5d5bfce2bdd74516315faaf2
  custom:scripting/monoscript/fileName/InputSystem.cs: 2d04686e597c23245a49375e1fb3215d -> 
  custom:video-encoder-webm-vp8: eb34c28f22e8b96e1ab97ce403110664 -> 
  custom:scripting/monoscript/fileName/TMPro_ExtensionMethods.cs: 3d34decc871f763d4c9c61f1fe0f3275 -> 479bffcc157b89693ffc4c2ef2374861
  custom:scripting/monoscript/fileName/QueryPairedUserAccountCommand.cs: 7c1bc8fc23b5eb9e494267177f02f139 -> 
  custom:scripting/monoscript/fileName/InputAnalytics.cs: 70269303ff292b656bbef56a407380bd -> 
  custom:scripting/monoscript/fileName/TMP_StyleAssetMenu.cs: d695e815510410a6715fa00ae5e73f57 -> 60e7743122a0686d1131101c521adac6
  custom:scripting/monoscript/fileName/NameAndParameterListView.cs: 95bddb736514603e46d742676b9fb05f -> 
  custom:scripting/monoscript/fileName/EditorInputControlLayoutCache.cs: aa10f55e68ca82913364b6b44aa7f461 -> 
  custom:scripting/monoscript/fileName/NameAndParameters.cs: 2a9078e35e9bfc491ba2ffb3455b3236 -> 
  custom:scripting/monoscript/fileName/TMP_LineInfo.cs: 22ff02e7762110d3cc1f4bc096ea014d -> bb529d63c9723788bd7143f27cd69eaf
  custom:scripting/monoscript/fileName/TMP_SpriteAssetImporter.cs: 06875a6ac5102e58811218e1c5dd33ca -> 675c97d72afe988872a20f51812f7cdf
  custom:scripting/monoscript/fileName/TMP_SpriteAssetEditor.cs: 7dcaf47692799a91aa4e5cd439bc54d0 -> 8a42af05e85c0eed4128787976375b45
  custom:scripting/monoscript/fileName/InputActionEditorToolbar.cs: 862861ded96be9597dde3c6213c9500e -> 
  custom:scripting/precompiled-assembly-types:Unity.TextMeshPro: 59230975e8163396a463bd906828ec67 -> 
  custom:scripting/monoscript/fileName/CompensateDirectionProcessor.cs: 8b43e411f5b52e59e2993a5277f0d2e2 -> 
  custom:scripting/monoscript/fileName/DeviceResetEvent.cs: 7e1e07844ad3da9d24238e0ee1f42c17 -> 
  custom:scripting/monoscript/fileName/InputBindingResolver.cs: 5c7308cba04403c2ec02473a20595c74 -> 
  custom:scripting/monoscript/fileName/InputBindingPropertiesView.cs: c3a43f9e3c4cf814c7eae92d616bfbaf -> 
  custom:scripting/monoscript/fileName/OnScreenButton.cs: 899b27e30b3465adcf27965c13bdc93c -> 
  custom:scripting/monoscript/fileName/SwitchProControllerHID.cs: 78f82bd2c370087351de0e08672adca7 -> 
  custom:scripting/monoscript/fileName/DisableDeviceCommand.cs: 0ad271a8bb040421b84ee6fbd5f9b9ad -> 
  custom:scripting/monoscript/fileName/GenericXRDevice.cs: 31f8338285464e5a41cc62a6bcd45bcc -> 
  custom:container-demuxer-ogg: 62fdf1f143b41e24485cea50d1cbac27 -> 
  custom:scripting/precompiled-assembly-types:Unity.PlasticSCM.Editor: 9179a07182e53e7ca5f40eda49da07fd -> 
  custom:scripting/monoscript/fileName/DownloadableSample.cs: 89120054f688b631c9ee6f5097128d97 -> 
  custom:scripting/monoscript/fileName/InputDevice.cs: 5d904dd2c22e502aeeaf9ca9e6633e24 -> 
  custom:scripting/monoscript/fileName/TMP_SpriteGlyphPropertyDrawer.cs: 4a6f1515709a40d92e24c84ec92fc53a -> 1447c7afab82cf56bc359d5c7fba114e
  custom:scripting/monoscript/fileName/TMP_PreBuildProcessor.cs: d965cd4513e689cb01c0481012a89dee -> 790c12dcd4980aa978fd28fb6f89fb37
  custom:scripting/monoscript/fileName/InputEventTreeView.cs: 70ebb846b08feb061018e0fc806019c8 -> 
  custom:scripting/monoscript/fileName/IInputStateChangeMonitor.cs: 9b99017561e3533bdb65e893153fafea -> 
  custom:scripting/monoscript/fileName/DualShockSupport.cs: 58ad10689626ffbc27e9ff5e35a0fe94 -> 
  custom:framework-win-MediaFoundation: 216162199b28c13a410421893ffa2e32 -> 
  custom:scripting/monoscript/fileName/PrimitiveValue.cs: 2da19b19a1bc3da68e1b06314cd109da -> 
  custom:scripting/precompiled-assembly-types:Unity.2D.Common.Editor: ca7fcfeccc96176fe608702bff2a8cb3 -> 
  custom:scripting/monoscript/fileName/Sensor.cs: 419cc8c616c869ad06dd0244620146f3 -> 
  custom:scripting/monoscript/fileName/PlayerInputManager.cs: d78a6a69863acf031e5348de2108e605 -> 
  custom:scripting/precompiled-assembly-types:Unity.2D.Sprite.Editor: 3effd31888f017f8bbfa66fd88a00d6e -> 
  custom:scripting/precompiled-assembly-types:Unity.2D.Common.Runtime: d57b2527d87b399232fb649a533f9748 -> 
  custom:scripting/monoscript/fileName/TMP_Text.cs: c453c9b4dcb2bfad1083e3b49dfa3983 -> 5cba61e283281e8dbf7dadaabcd638dc
  custom:scripting/monoscript/fileName/TMP_PostBuildProcessHandler.cs: 728d00fd9070cbfe6d8df45c08e57305 -> c69b388004562ecb0f789fc3759d9651
  custom:scripting/monoscript/fileName/NormalizeVector2Processor.cs: 8bd7d17d8d184d12ee67e83355ec3df6 -> 
  custom:scripting/monoscript/fileName/InputActionMapDrawer.cs: 116fd0e890ca81f92874fad325884eac -> 
  custom:scripting/monoscript/fileName/TMP_UpdateRegistery.cs: 62691e6bdb107984e7d826316a6498e1 -> 1f23864d29c3a03d22aa9b00a337cf78
  custom:scripting/monoscript/fileName/Substring.cs: 155bc9f3de23b8c08e135b802ded7331 -> 
  custom:scripting/monoscript/fileName/TimelineAssetViewModel.cs: 18a79fa063972d49f8538ad72ae7e75c -> 
  custom:scripting/monoscript/fileName/InputActionSerializationHelpers.cs: 9b5c83021d7fdf16fa02001c66bf5d6f -> 
  custom:scripting/monoscript/fileName/TMP_PackageResourceImporter.cs: 5335f4ee7041812300af31a777e4f584 -> 949b6e7fa2132b400d5c4aaf9c34421a
  custom:scripting/monoscript/fileName/InputControlScheme.cs: 54ecc2e6b48d0a96beee21c6444842e2 -> 
  custom:scripting/monoscript/fileName/RuleTile.cs: f5f493643c39cafead8f05df075b38cf -> 
  custom:scripting/monoscript/fileName/InputActionAsset.cs: 235856b3baea8efeb679f57b86b2e78b -> 
  custom:scripting/monoscript/fileName/InputFeatureNames.cs: 1a316c2d23c80d5649d91f21104b1196 -> 
  custom:scripting/monoscript/fileName/InputControlPickerDropdown.cs: 42f29cccd66ea903b2ff08e0668e70b3 -> 
  custom:scripting/monoscript/fileName/TMP_Dropdown.cs: 39f6048c754db30f2da2ea32254db16b -> ecea2f8babcb40d207d2e73158251f60
  custom:scripting/monoscript/fileName/TMP_CharacterInfo.cs: d2593478681404ce2cbd40e4e2f8a6d3 -> c840ce0b0aa6c1faafb27b3b884b2328
  custom:scripting/monoscript/fileName/PlayerInputEditor.cs: d2b3afdcbb77e18a055744ba3890b2dc -> 
  custom:scripting/monoscript/fileName/FastMouse.cs: c1eb115b9947f2d7660b6624e6d2a006 -> 
  custom:scripting/monoscript/fileName/CSharpCodeHelpers.cs: d0cc2f7c294cb0d1437e3101c51f7d3e -> 
  custom:scripting/monoscript/fileName/SelectObservable.cs: 0cdf409b5aa8d4c25876d72b5c6a3b60 -> 
  custom:scripting/monoscript/fileName/AxisControl.cs: 68b436317dff8e5185c81d8673960fc4 -> 
  custom:scripting/monoscript/fileName/InputControlLayoutAttribute.cs: 8a00dd4a575a7b549eada1a6489a8652 -> 
  custom:scripting/monoscript/fileName/IInputStateTypeInfo.cs: cea8b54e443ea633a8182d334b401856 -> 
  custom:scripting/precompiled-assembly-types:Unity.InternalAPIEditorBridge.001: dad22ed7f422c7d3caaefe51082d33fc -> 
  custom:scripting/monoscript/fileName/AdvancedDropdownGUI.cs: 207e6d663a15858e0a112d6acb1b7040 -> 
  custom:scripting/monoscript/fileName/HIDParser.cs: 5e6b09e173e9593382d5e79e226d6494 -> 
  custom:scripting/monoscript/fileName/WindowsMR.cs: 1bb4de47cfd939e21ec4f06c3d56a563 -> 
  custom:scripting/precompiled-assembly-types:Unity.2D.IK.Editor: 4d51da7d4b4f30b4b6a3809ca0be2a8d -> 
  custom:scripting/monoscript/fileName/RemoteInputPlayerConnection.cs: 959b7c9f720d36172770da64f623d8a3 -> 
  custom:scripting/monoscript/fileName/Joystick.cs: 1a1d9a9cba7940fed9939f7306abee3f -> 
  custom:scripting/monoscript/fileName/TMP_EditorPanel.cs: 0bd13db7cdfa07805bfadd631c0ddba8 -> 0631f68be4ca0623bf3e313ec9becbc9
  custom:scripting/monoscript/fileName/QueryDimensionsCommand.cs: 9dede612b2efbec178dc9289429b384b -> 
  custom:scripting/monoscript/fileName/PlayerInputManagerEditor.cs: 373859aaf721662fa2d3a5008109e828 -> 
  custom:scripting/monoscript/fileName/TMPro_ContextMenus.cs: fbbbcbf9b4eb950e9aeda2d70529152c -> 06b3d4b27f337b8d846ca7117f3251e1
  custom:scripting/monoscript/fileName/iOSPostProcessBuild.cs: 9511a85ceb885fe21fc0fd0763de6cf3 -> 
  custom:scripting/monoscript/fileName/AnimationTrack.cs: 579258c150686ede8cacf1f75da21715 -> 
  custom:scripting/monoscript/fileName/AxisComposite.cs: 1a3b07803006c7cd98260293e041921c -> 
  custom:scripting/monoscript/fileName/QueryUserIdCommand.cs: a01aca235669f681cb2e5d6ae8addaa9 -> 
  custom:scripting/monoscript/fileName/InputDeviceDebuggerWindow.cs: d5d7f249a0c7e26b5c99aed83ca56ee7 -> 
  custom:scripting/monoscript/fileName/SelectManyObservable.cs: 0cdf409b5aa8d4c25876d72b5c6a3b60 -> 
  custom:video-decoder-ogg-theora: a1e56fd34408186e4bbccfd4996cb3dc -> 
  custom:scripting/monoscript/fileName/TMP_UpdateManager.cs: 2b12c9b6d4082e0390a306eceed60fc6 -> fa7e71df671c5b3088b39753e4bbc70d
  custom:scripting/precompiled-assembly-types:Unity.2D.Psdimporter.Editor: 91c5cc1377d3397cd5012ce8639ab169 -> 
  custom:scripting/monoscript/fileName/MemoryHelpers.cs: 53156631467fa40859bc9c1f8f88bb12 -> 
  custom:scripting/monoscript/fileName/IInputEventTypeInfo.cs: a163e0b33b0ef6de42962a548c982415 -> 
  custom:scripting/monoscript/fileName/InputSystemUIInputModuleEditor.cs: 8bd0e6628d94b95bc4e7082bdd62e28e -> 
  custom:scripting/monoscript/fileName/Pointer.cs: ce2152e3a144dadf27b6b7be62c47f0a -> 
  custom:scripting/monoscript/fileName/ClampProcessor.cs: 799e07eb15a017e9ba829d3f4ca99111 -> 
  custom:scripting/monoscript/fileName/TMP_FontAsset_CreationMenu.cs: 18345b423cea91a35f20f73f48aee7e1 -> 1c5caeb31a0df734411a201aca87cb03
  custom:scripting/monoscript/fileName/IsometricRuleTile.cs: 226477e0fda8299a797033f4381d7b8f -> 
  custom:scripting/monoscript/fileName/OSXGameController.cs: a3f684cd3d6af3701e16c8699ba556c0 -> 
  custom:scripting/precompiled-assembly-types:Unity.2D.PixelPerfect.Editor: 1dd2c8662b54f7c48656e3e8769dcc99 -> 
  custom:scripting/precompiled-assembly-types:Unity.2D.PixelPerfect: b4d87180cdb666d4e563f0feb63adff6 -> 
  custom:scripting/monoscript/fileName/InputActionsEditorConstants.cs: 48474179b48b60fb02f5aec59408886a -> 
  custom:scripting/monoscript/fileName/AnyKeyControl.cs: 6f6956b0876c685790984c2ec0fb11df -> 
  custom:scripting/monoscript/fileName/TextContainer.cs: 4e3c016869303ab3136387f7870e5adb -> 245c032a15fbc12850861c707e37b027
  custom:scripting/monoscript/fileName/TMP_TextInfo.cs: d86eebf32f36b8febee06365f862b403 -> 9e4eb698c4c168829682cbe659418e8f
  custom:scripting/monoscript/fileName/InputEventListener.cs: 752a4fdcf8e5a1b2edb0fe714eecfe1e -> 
  custom:scripting/monoscript/fileName/IDualMotorRumble.cs: 5f6a1c243251c71316be36f60e2edc96 -> 
  custom:scripting/monoscript/fileName/UseWindowsGamingInputCommand.cs: 61fcd09208b8fa2432a7bcd2cc77affa -> 
  custom:scripting/monoscript/fileName/TMP_FontAsset.cs: 52c81438acb65fa444fe26964ef0345b -> 6c1db4680a96f294cf0af87a0b8099aa
  custom:scripting/monoscript/fileName/TMP_SettingsEditor.cs: aa2b5eadaadb4b54b49cd650a2246119 -> 56bf06371df7e13c5b8cc88becb89a4d
  custom:scripting/monoscript/fileName/InputSettings.cs: d7ef7947692727d78270eb2592402c03 -> 
  custom:scripting/monoscript/fileName/FastAction.cs: 94d6ead813247e604740a116c5fa92db -> dfbe75b66b645b53472915ad2590af11
  custom:scripting/monoscript/fileName/WhereObservable.cs: 0cdf409b5aa8d4c25876d72b5c6a3b60 -> 
  custom:scripting/monoscript/fileName/TMP_TextAlignmentDrawer.cs: ad15f73780bb9949f148eddcc3c3fbf7 -> 011b7908ef5eb5e9dea532c77e85c538
  custom:scripting/precompiled-assembly-types:Unity.2D.SpriteShape.Runtime: 8e87a8ce1ee4bbd7a2797bf25b6812e8 -> 
  custom:scripting/monoscript/fileName/InputControlPickerState.cs: 5f9b5cb8afce48007728175c3eb057e8 -> 
  custom:scripting/monoscript/fileName/TMP_SpriteGlyph.cs: 52a9bbe662618c4a5697bdefcba63d59 -> cb4cdca5a4c6415e4f27ee5280164c41
  custom:scripting/monoscript/fileName/InputTestRuntime.cs: d5127b47e25b8c5088abf4e0deaa8d86 -> 
  custom:scripting/precompiled-assembly-types:ScriptablePacker: eccb9b83cfd2f2736044bd79ba64b3b2 -> 
  custom:scripting/monoscript/fileName/QueryKeyNameCommand.cs: 37e2ae06bb378bdc7d63674123948cdc -> 
  custom:scripting/monoscript/fileName/PlayerInput.cs: 1cee85eeeadffae2bed639a188980b07 -> 
  custom:scripting/monoscript/fileName/TMP_ResourcesManager.cs: 0d972ba50c38c5b25fe15fb0c61ada2b -> 64252a073d41e9c6f4e95b5f68ac966c
  custom:scripting/precompiled-assembly-types:Unity.2D.SpriteShape.Editor: ebfee3e37b4e309553dc243606ccf5d1 -> 
  custom:scripting/monoscript/fileName/QueryEditorWindowCoordinatesCommand.cs: 0c7e5370fa30be3b2697197e96ebdac1 -> 
  custom:scripting/monoscript/fileName/EditorWindowSpaceProcessor.cs: 972d1caf54a44d4a9cecbaa9bedec5ca -> 
  custom:scripting/monoscript/fileName/TrackedPoseDriver.cs: 788465d3a9fa832aab77dafce07b03db -> 
  custom:scripting/precompiled-assembly-types:UnityEngine.TestRunner: 8395febd73ecf4db66eab6e5c84850cb -> 
  custom:scripting/monoscript/fileName/TMP_ListPool.cs: 8f6297df34271fdb1ce2d9607ec6261d -> 90647cc400823b41df847a6cbfc29026
  custom:scripting/monoscript/fileName/TMPro_EditorShaderUtilities.cs: 1203fb3feabf58cb81d888055364f838 -> f4cbef9348a73d49f1efb8d10ff07bf0
  custom:scripting/monoscript/fileName/OneOrMore.cs: 0cdf409b5aa8d4c25876d72b5c6a3b60 -> 
  custom:scripting/monoscript/fileName/PSDImporter.cs: 426789f17a6318790dfce4403b2d57e3 -> 
  custom:scripting/monoscript/fileName/InputActionPropertiesView.cs: 87bb23a03865ebab6df4302eab03f8f8 -> 
  custom:scripting/monoscript/fileName/InputSystemWidget.cs: 8f101911900fd5c78c807da3e1c794a8 -> 
  custom:scripting/monoscript/fileName/IKManager2D.cs: 3556a5b41605dae06bbc257d2027da25 -> 
  custom:scripting/monoscript/fileName/AdvancedDropdownItem.cs: e6f1b87cfdf3b7e725137f6813d17509 -> 
  custom:scripting/monoscript/fileName/InputDeviceCommand.cs: d588e191d7cda05d4a0288a8ee1147ba -> 
  custom:scripting/monoscript/fileName/DisplayStringFormatAttribute.cs: c3a032e117cd328db2f0cf4598514a4e -> 
  custom:scripting/monoscript/fileName/DualShockGamepadHID.cs: 3c5ed97f9b3e5e626f6f09a9f7393581 -> 
  custom:scripting/monoscript/fileName/IInputControlPickerLayout.cs: be294e73c659279f0b3a534655ea4322 -> 
  custom:scripting/precompiled-assembly-types:Unity.VisualScripting.Flow: 051f017e0284fd495693eebc4c757586 -> 
  custom:scripting/precompiled-assembly-types:UnityEngine.UI: 86812638370ab69dcdf954a90e88b0b2 -> 
  custom:scripting/monoscript/fileName/StateEvent.cs: ecd22adce780bc400b70e46370003b20 -> 
  custom:scripting/monoscript/fileName/DualMotorRumble.cs: a5c6abaf1032f7b942e62506711d90ba -> 
  custom:scripting/monoscript/fileName/InputActionPropertyDrawer.cs: 19280eef7f6d2b681e448dc21fd2c314 -> 
  custom:scripting/monoscript/fileName/TMP_ResourcesLoader.cs: f71e35ced40721d6906e578fb6e7f0e9 -> 6f1f07799f3cfe795f955033c27f98ed
  custom:scripting/precompiled-assembly-types:PsdPlugin: e45729d552f17846bff33f77f53e4e2d -> 
  custom:scripting/monoscript/fileName/IInputDiagnostics.cs: ea6330d075ac249db017e93904b1906b -> 
  custom:scripting/monoscript/fileName/TMP_SubMesh.cs: ff760a824537d48706351b95c8d4be21 -> 9fd75270af40187985e5c14cc85ebe42
  custom:scripting/monoscript/fileName/FastKeyboard.cs: 517b983862044be24636f4f20b4c6b8c -> 
  custom:scripting/monoscript/fileName/TMP_CoroutineTween.cs: d4d869f6662b40274a62453f83c8a425 -> 76849b8d6d4ce499ad8ffee762e4a4af
  custom:scripting/monoscript/fileName/InputState.cs: aac8577aed515a34370fbda6b0c1e20e -> 
  custom:scripting/monoscript/fileName/TMP_SelectionCaret.cs: ed141b1915a10b9c7ff9136666b54ee9 -> d2a06fefe973175bffa10d62f788c481
  custom:scripting/monoscript/fileName/InvertVector3Processor.cs: 26cd309c39f83c2c220d5ebd4cff9df8 -> 
  custom:scripting/monoscript/fileName/IInputInteraction.cs: 904998db3f6a68004028b91c21d88b1a -> 
  custom:scripting/monoscript/fileName/InputActionCodeGenerator.cs: fca5f00d4b3eb657093524f16bf7bf13 -> 
  custom:scripting/monoscript/fileName/Keyboard.cs: 7ecd46b364aabed617ca2aa518d013e5 -> 
  custom:scripting/monoscript/fileName/AssemblyInfo.cs: 53d0e8986685ee279f50bdc53646eeb9 -> 
  custom:scripting/monoscript/fileName/TouchHistory.cs: 0bd5153c399a7814148eb0529881c327 -> 
  custom:scripting/precompiled-assembly-types:Unity.VisualScripting.State.Editor: bfd19d10497364660dabdb7b0dffedf3 -> 
  custom:scripting/monoscript/fileName/TouchscreenControlPickerLayout.cs: 2125296fdeb3923857d26aa69c1c47f2 -> 
  custom:scripting/precompiled-assembly-types:Unity.VisualScripting.State: a1b84a027925ee482b6dab13e9d110f3 -> 
  custom:scripting/monoscript/fileName/ParameterListView.cs: 018e8161ec06df153608ce9adba55c3f -> 
  custom:scripting/monoscript/fileName/TMP_SerializedPropertyHolder.cs: 9860586610cb3d91ae7f4ce33ab22d0b -> 99e5dbc1fa1abe750acc8166e4243be8
  custom:scripting/monoscript/fileName/InitiateUserAccountPairingCommand.cs: 1a666a76197a03f8f7bce4a17141341c -> 
  custom:scripting/monoscript/fileName/InputControlPathDrawer.cs: f9c7ec3ba894b22b094bce7cea9d36c7 -> 
  custom:scripting/monoscript/fileName/TMP_ScrollbarEventHandler.cs: 55de10d862075cd935d8381c309f39e0 -> c015e39b5a3f1a14518ce039f30e10af
  custom:scripting/monoscript/fileName/TMP_ObjectPool.cs: 8f6297df34271fdb1ce2d9607ec6261d -> 90647cc400823b41df847a6cbfc29026
  custom:scripting/monoscript/fileName/QuerySamplingFrequencyCommand.cs: ffe0bdcb4ec1816ad7a20032df8affbd -> 
  custom:scripting/monoscript/fileName/FastTouchscreen.cs: 9057cd167dd3d29f3b1283a395a3a33e -> 
  custom:scripting/precompiled-assembly-types:Unity.Burst: 93c136649224698e562a960c7d43caf4 -> 
  custom:scripting/monoscript/fileName/PointerModel.cs: 71a6371a8f201bacb2e5db4acfc37d66 -> 
  custom:scripting/monoscript/fileName/TMP_SubMesh_Editor.cs: 6199a3bf0c204e3bdded9f5f05415a32 -> b381eb4c2ad4ef265088242d67c5b140
  custom:scripting/monoscript/fileName/InputStateBlock.cs: 979e1ff106f0ac030ea1ea8df905fcdf -> 
  custom:scripting/monoscript/fileName/PredictiveParser.cs: 11761c981acd9ecbcb551be590127cd5 -> 
  custom:scripting/monoscript/fileName/DefaultInputActions.cs: 6d325dce06864e239959fec06a7bcb34 -> 
  custom:scripting/monoscript/fileName/SwitchSupportHID.cs: e50c2efa89a2ad634027df9d84b4e3e0 -> 
  custom:scripting/monoscript/fileName/InputControlPathEditor.cs: c4e4855b2fc09dc4e9adcd9ef893d58e -> 
  custom:scripting/monoscript/fileName/InputAction.cs: ac64462c0fc3595515f03f36d4efcbd2 -> 
  custom:scripting/precompiled-assembly-types:Unity.Collections.BurstCompatibilityGen: d26056d813c945132a21ff9f8750c98e -> 
  custom:scripting/monoscript/fileName/TMP_ColorGradientAssetMenu.cs: 79ee3689ecabb3de162f43faa3b27adc -> 83563be632f8167fcdca7878d36901f9
  custom:scripting/monoscript/fileName/TrackedDevice.cs: c0a523d9ef4d6df623781ab9912266ea -> 
  custom:scripting/precompiled-assembly-types:UnityEditor.UI: 6bae215471362000d6dbd3e0ee304a50 -> 
  custom:scripting/precompiled-assembly-types:Unity.InternalAPIEditorBridge.005: 14285573fed5d47cebfb96be446875c8 -> 
  custom:scripting/monoscript/fileName/AndroidSupport.cs: 9ab785defff34023abc57840edf3d952 -> 
  custom:container-muxer-webm: aa71ff27fc2769a1b78a27578f13a17b -> 
  custom:scripting/monoscript/fileName/EnableDeviceCommand.cs: 03f13a346a45c1316cc4c74086075cbf -> 
  custom:scripting/monoscript/fileName/InputActionDrawerBase.cs: 7678ae39aaf45b1e79da3f1a0f035552 -> 
  custom:scripting/monoscript/fileName/HoldInteraction.cs: d489b50bc685e46cac1f3a9378268f4e -> 
  custom:scripting/monoscript/fileName/TMPro_EventManager.cs: 9ebed0b1e26a8c995d644c176e696d93 -> 4c7492301243f935f7a463360f91d217
  custom:scripting/monoscript/fileName/Vector3Composite.cs: 03fb54f1caeff9fd76135a6140243511 -> 
  custom:scripting/monoscript/fileName/EnumerableExtensions.cs: ee0912cc6284c651dd85d40fab4256b8 -> 
  custom:scripting/monoscript/fileName/SendBufferedHapticsCommand.cs: 3de60d0072c8966f3fa67e7e06b3de82 -> 
  custom:scripting/monoscript/fileName/TMP_Style.cs: 22d5739edd705d10f980250dcfd7fde0 -> ecc9948baa78373f3076151d1a0642d9
  custom:scripting/monoscript/fileName/TMP_Sprite.cs: e9945527ea1584af23f8f41ce4b844b4 -> 0ee3c386846aa132dd254421fac18cd1
  custom:scripting/monoscript/fileName/TMP_PackageUtilities.cs: 029634ff6f667ebc9454d70fde4def50 -> 89e6e95503dd36070edf73e7aaab4557
  custom:scripting/monoscript/fileName/Observer.cs: 90647cc400823b41df847a6cbfc29026 -> 
  custom:scripting/monoscript/fileName/QueryCanRunInBackground.cs: 0430278e077d59b82dbda0fc3b6d50dd -> 
  custom:scripting/monoscript/fileName/ForDeviceEventObservable.cs: f39d5cdafde47df1f2a834a038b823b7 -> 
  custom:scripting/monoscript/fileName/IEventMerger.cs: 1b166203b9c6da6368d80320ec7c9961 -> 
  custom:scripting/monoscript/fileName/InputActionMap.cs: 7796e3225f536783e555cebebc915987 -> 
  custom:scripting/monoscript/fileName/InputControlLayout.cs: 14cb813b35120ffd242f99d5c15bb438 -> 
  custom:scripting/monoscript/fileName/MaterialReferenceManager.cs: eaedc912311d98c6b58e199f6250c848 -> c970e86594a0f568cbda548f2d4462c1
  custom:scripting/monoscript/fileName/ICustomDeviceReset.cs: 3b447b167c25000b29105ece94677719 -> 
  custom:scripting/monoscript/fileName/InputControlExtensions.cs: ae0219bac3a6c7734d164606a5ed0820 -> 
  custom:scripting/monoscript/fileName/iOSStepCounter.cs: 2c61d0bc46d04bce2f6762804671c954 -> 
  custom:scripting/monoscript/fileName/InputActionDrawer.cs: 9b483107b0ea7770f76a7cdd6ff316d0 -> 
  custom:scripting/monoscript/fileName/EditorPlayerSettingHelpers.cs: e9960188ed6c5b949b993e59ce59ce87 -> 
  custom:scripting/monoscript/fileName/InputControlAttribute.cs: b5a64d55a813f6d1227b56436c59c015 -> 
  custom:scripting/monoscript/fileName/TMP_SpriteAsset.cs: b46309090c7f7da519ff6ef3172bd077 -> 8d06882cb45c7664f8d7c3079ee8757f
  custom:scripting/monoscript/fileName/InputActionTreeView.cs: f3d84e564140a344e0a57a9232bf0ccb -> 
  custom:scripting/monoscript/fileName/InputSystemObject.cs: 9663811dbe13b672cf3c5764a9482504 -> 
  custom:scripting/monoscript/fileName/InputActionImporterEditor.cs: 0050b2eb2bc3d87733c8c96c41de610b -> 
  custom:scripting/monoscript/fileName/ButtonControl.cs: 5be55aef70c0999215c87b2ebada03bb -> 
  custom:scripting/monoscript/fileName/EnableIMECompositionCommand.cs: 442c712f29199433589d44a5aa77b265 -> 
  custom:scripting/precompiled-assembly-types:Unity.TextMeshPro.Editor: 46ffe279a7239cd1fb74eb9c5ab5b5d8 -> 
  custom:scripting/monoscript/fileName/DeltaControl.cs: 6b397435e9b765e741337a7982e0568f -> 
  custom:scripting/monoscript/fileName/GUIHelpers.cs: 60ae23a9fa510a6b46396be7f79ede40 -> 
  custom:scripting/monoscript/fileName/InputValue.cs: 5e873095f1f8f449ce71f7ae265ebfc7 -> 
  custom:scripting/monoscript/fileName/InputControlPath.cs: bc2fac94a36cbab9b49a74e253baa4f5 -> 
  custom:scripting/monoscript/fileName/DynamicBitfield.cs: 340e19ce1cb6f81a8185cbb2bbc79160 -> 
  custom:scripting/monoscript/fileName/TimelineWindow.cs: 1ecae22b1c6d42e0f96084d9a8d5699a -> 
  custom:scripting/monoscript/fileName/IInputStateCallbackReceiver.cs: 186de0ed698901e9bd4fe43876d2eb6b -> 
  custom:scripting/precompiled-assembly-types:Unity.VisualScripting.Flow.Editor: b0e96813f2d2157e48db4a04dd2883c1 -> 
  custom:scripting/monoscript/fileName/RequestSyncCommand.cs: 77a116703141a2eb2b4f13048db47d70 -> 
  custom:scripting/monoscript/fileName/DpadControl.cs: cfb85ad133fb5cf56fdc4c985aa8f908 -> 
  custom:scripting/monoscript/fileName/InputLayoutCodeGenerator.cs: 9639b5848dc57960c08578d20d665948 -> 
  custom:scripting/monoscript/fileName/AnimationPlayableAsset.cs: 009db08c97e92a2c69986ab256d074e2 -> 
  custom:scripting/monoscript/fileName/TMP_InputFieldEditor.cs: 8f2095c37e5fd5ed563d60163f0c2e52 -> a6f05406e9cdb59679382b884c14216a
  custom:scripting/monoscript/fileName/Oculus.cs: 2edcd533dd4b371bb248051a8fa77761 -> 
  custom:scripting/precompiled-assembly-types:Unity.VisualScripting.Core: 9504fcd568c5d1da9d310196ecf766c4 -> 
  custom:scripting/monoscript/fileName/IntegerControl.cs: 888315a91a2577ba62858fefb74b01da -> 
  custom:video-codec-MediaFoundation-h265: 746d11721c4dcdbdad8f713fa42b33f4 -> 
  custom:scripting/monoscript/fileName/ButtonWithOneModifier.cs: 68f005a2616c543c53a81e953d2b1c97 -> 
  custom:scripting/monoscript/fileName/TMPro_Private.cs: 8f6297df34271fdb1ce2d9607ec6261d -> 90647cc400823b41df847a6cbfc29026
  custom:scripting/monoscript/fileName/InputControlDropdownItem.cs: 6f4145f10df4a32e4db357c913eda67a -> 
  custom:scripting/monoscript/fileName/TMP_EditorUtility.cs: f68b71b7543cddf9e4cdf261d5f519e5 -> b242106620cbbc38f0411146a086b885
  custom:scripting/precompiled-assembly-types:Unity.Burst.CodeGen: 5cfde9c5d2b75b24dad34bd91202f61e -> 
  custom:scripting/monoscript/fileName/Comparers.cs: a4fd4e4518e16b985ebc608a7fca9c48 -> 
  custom:scripting/monoscript/fileName/TMP_SpriteCharacterPropertyDrawer.cs: 63186d320ccdf4dfa06fbce4e897d3f3 -> 14565b4e4f9266584dc3194fd967d252
  custom:scripting/precompiled-assembly-types:Unity.2D.Tilemap.Extras: 9722aa6e48a25d628be73e787a5a1bb9 -> 
  custom:scripting/monoscript/fileName/TMP_CharacterPropertyDrawer.cs: 0fc1d1caf2f580e74b2224e6797250e4 -> ddc6f8909fdac3de9238e9b86e411c3e
  custom:scripting/monoscript/fileName/Finger.cs: 47c63a23d4568c72c9e2be18ba728ebd -> 
  custom:scripting/monoscript/fileName/SlowTapInteraction.cs: d4d7eb3e402f2cf763b711b8aca21716 -> 
  custom:scripting/monoscript/fileName/StandaloneInputModuleEditor.cs: 0c1eaef25625ade10d4aab2e84b9d672 -> 
  custom:scripting/monoscript/fileName/Vector2Composite.cs: 3c222e4e378dcfe52075de72b9663f60 -> 
  custom:scripting/monoscript/fileName/Touch.cs: aed080cad24aa0b4153e8dc9948b58a5 -> 
  custom:container-demuxer-webm: 4f35f7cbe854078d1ac9338744f61a02 -> 
  custom:scripting/monoscript/fileName/XRSupport.cs: ac3cee8b33cb0b849f0005496405c94d -> 
  custom:scripting/monoscript/fileName/Touchscreen.cs: ffc84b9850e1122be8bdcca9b037294c -> 
  custom:scripting/precompiled-assembly-types:Unity.2D.Tilemap.Editor: d177c28c82e97ffac93fefc58b4a9b77 -> 
  custom:scripting/monoscript/fileName/OnScreenControl.cs: 82f54ae925b6933f7962f7d2cbe60763 -> 
  custom:scripting/monoscript/fileName/TMP_UIStyleManager.cs: f54fffa86b286da3a3329c601ca8d03e -> 66d96f3fa9ea14a5a6ed3f92d3bbe0f1
  custom:scripting/monoscript/fileName/iOSSupport.cs: 7d32c4cb2d69af779288f2a9cd8deac0 -> 
  custom:scripting/monoscript/fileName/TMP_Settings.cs: 957f1889ca66b295dca8f725cc81558d -> 68d1204aae2aa6d0a54c151b7af443e7
  custom:scripting/monoscript/fileName/ScaleProcessor.cs: ea599d555a5ed7276ea05d57b45e43df -> 
  custom:scripting/monoscript/fileName/TMP_InputField.cs: 8fed3480abb5543168012b207b39349b -> f7712ab842984f124274656d749eca3d
  custom:scripting/monoscript/fileName/TMP_StyleSheet.cs: b6deb5f646a1f5ad7b696d32618ba797 -> de73099b6bd4b9281c92feedf1315618
  custom:scripting/monoscript/fileName/NavigationModel.cs: 1c263830c18aeaed6a5f098797d42577 -> 
  custom:scripting/monoscript/fileName/OnScreenStick.cs: 9c42f0c502d32edf782a820c693d1a78 -> 
  custom:scripting/monoscript/fileName/ScaleVector2Processor.cs: ffa977729ad018813fd2604f3961d4a6 -> 
  custom:scripting/monoscript/fileName/TouchPressControl.cs: 32da007e297b36a2fe817f63e5f6bbb5 -> 
  custom:scripting/monoscript/fileName/MultiplayerEventSystem.cs: 05b50b616573877ef9101c0539ee4f31 -> 
  custom:scripting/monoscript/fileName/DeltaStateEvent.cs: af7845327b744d1496e77475c17d3b0d -> 
  custom:scripting/monoscript/fileName/IInputUpdateCallbackReceiver.cs: ba48e6e35145b7f1ac3afdd775575522 -> 
  custom:scripting/monoscript/fileName/TMP_SpriteAssetImportFormats.cs: 3cc56654a2015a96112916e9636fbe6f -> 920e3140228fbd530b0080254da22d88
  custom:scripting/monoscript/fileName/SpriteUtilities.cs: 5c000e635950e4b0a960602df9fe8ffb -> 
  custom:scripting/precompiled-assembly-types:Unity.Mathematics.Editor: 067e2f26d70b07279a04fc60a0f0bbd6 -> 
  custom:scripting/monoscript/fileName/InputEventTrace.cs: 6b04dbd582208bc1f6bf78a5481b91e2 -> 
  custom:scripting/monoscript/fileName/Mouse.cs: 51f1aeae346f8ba35ce1eae4cd718ea3 -> 
  custom:scripting/monoscript/fileName/AdvancedDropdown.cs: fa69d35a411c6393fda2fd8d798192e5 -> 
  custom:scripting/monoscript/fileName/InputSettingsiOS.cs: eec21a0f4c50ceb1dd70fcff7ed2d8ce -> 
  custom:scripting/monoscript/fileName/TreeViewHelpers.cs: cf522364eff518ecfcf0cf468392474e -> 
  custom:scripting/monoscript/fileName/TMP_Character.cs: 2bff3626198e4d2228876f1e687078e0 -> 015720458ea991fbf07357eae19532db
  custom:scripting/monoscript/fileName/DeviceRemoveEvent.cs: 33979af4133f057c53fed833232d5335 -> 
  custom:scripting/monoscript/fileName/OSXSupport.cs: 63316ac61e481390e31b5b83b851ef9a -> 
  custom:scripting/monoscript/fileName/InputAction_DirectConverter.cs: 10397d04d305c6e7d90b09edbb081ce9 -> 
  custom:scripting/monoscript/fileName/CompensateRotationProcessor.cs: d5a3722c29051a4adb0efee7e4989a0c -> 
  custom:scripting/monoscript/fileName/TMP_SpriteAnimator.cs: 126f1482d1430ed8648c2a6d8d693c6d -> bf3a797c3a059d3698e93e0031d7f11c
  custom:scripting/monoscript/fileName/InputManagerStateMonitors.cs: dea24e3da8b083e8a28641430520c9c0 -> 
